10-Jul-2024 13:17:10.096 INFO [main] org.apache.catalina.startup.VersionLoggerListener.log Server version name:   Apache Tomcat/9.0.90
10-Jul-2024 13:17:10.109 INFO [main] org.apache.catalina.startup.VersionLoggerListener.log Server built:          Jun 14 2024 14:45:13 UTC
10-Jul-2024 13:17:10.109 INFO [main] org.apache.catalina.startup.VersionLoggerListener.log Server version number: 9.0.90.0
10-Jul-2024 13:17:10.109 INFO [main] org.apache.catalina.startup.VersionLoggerListener.log OS Name:               Mac OS X
10-Jul-2024 13:17:10.109 INFO [main] org.apache.catalina.startup.VersionLoggerListener.log OS Version:            14.5
10-Jul-2024 13:17:10.110 INFO [main] org.apache.catalina.startup.VersionLoggerListener.log Architecture:          aarch64
10-Jul-2024 13:17:10.110 INFO [main] org.apache.catalina.startup.VersionLoggerListener.log Java Home:             /Users/vannhat/Library/Java/JavaVirtualMachines/corretto-21.0.3/Contents/Home
10-Jul-2024 13:17:10.110 INFO [main] org.apache.catalina.startup.VersionLoggerListener.log JVM Version:           21.0.3+9-LTS
10-Jul-2024 13:17:10.112 INFO [main] org.apache.catalina.startup.VersionLoggerListener.log JVM Vendor:            Amazon.com Inc.
10-Jul-2024 13:17:10.113 INFO [main] org.apache.catalina.startup.VersionLoggerListener.log CATALINA_BASE:         /Users/vannhat/Documents/Codevn_Jsp_Servlet/library/apache-tomcat-9.0.90
10-Jul-2024 13:17:10.113 INFO [main] org.apache.catalina.startup.VersionLoggerListener.log CATALINA_HOME:         /Users/vannhat/Documents/Codevn_Jsp_Servlet/library/apache-tomcat-9.0.90
10-Jul-2024 13:17:10.140 INFO [main] org.apache.catalina.startup.VersionLoggerListener.log Command line argument: --add-opens=java.base/java.lang=ALL-UNNAMED
10-Jul-2024 13:17:10.140 INFO [main] org.apache.catalina.startup.VersionLoggerListener.log Command line argument: --add-opens=java.base/java.io=ALL-UNNAMED
10-Jul-2024 13:17:10.140 INFO [main] org.apache.catalina.startup.VersionLoggerListener.log Command line argument: --add-opens=java.base/java.util=ALL-UNNAMED
10-Jul-2024 13:17:10.140 INFO [main] org.apache.catalina.startup.VersionLoggerListener.log Command line argument: --add-opens=java.base/java.util.concurrent=ALL-UNNAMED
10-Jul-2024 13:17:10.140 INFO [main] org.apache.catalina.startup.VersionLoggerListener.log Command line argument: --add-opens=java.rmi/sun.rmi.transport=ALL-UNNAMED
10-Jul-2024 13:17:10.140 INFO [main] org.apache.catalina.startup.VersionLoggerListener.log Command line argument: -Djava.util.logging.config.file=/Users/vannhat/Documents/Codevn_Jsp_Servlet/library/apache-tomcat-9.0.90/conf/logging.properties
10-Jul-2024 13:17:10.141 INFO [main] org.apache.catalina.startup.VersionLoggerListener.log Command line argument: -Djava.util.logging.manager=org.apache.juli.ClassLoaderLogManager
10-Jul-2024 13:17:10.141 INFO [main] org.apache.catalina.startup.VersionLoggerListener.log Command line argument: -Dhttp.nonProxyHosts=localhost|127.0.0.1|NHATs-MacBook-Pro.local
10-Jul-2024 13:17:10.141 INFO [main] org.apache.catalina.startup.VersionLoggerListener.log Command line argument: -Djdk.tls.ephemeralDHKeySize=2048
10-Jul-2024 13:17:10.141 INFO [main] org.apache.catalina.startup.VersionLoggerListener.log Command line argument: -Djava.protocol.handler.pkgs=org.apache.catalina.webresources
10-Jul-2024 13:17:10.141 INFO [main] org.apache.catalina.startup.VersionLoggerListener.log Command line argument: -Dorg.apache.catalina.security.SecurityListener.UMASK=0027
10-Jul-2024 13:17:10.141 INFO [main] org.apache.catalina.startup.VersionLoggerListener.log Command line argument: -Dignore.endorsed.dirs=
10-Jul-2024 13:17:10.141 INFO [main] org.apache.catalina.startup.VersionLoggerListener.log Command line argument: -Dcatalina.base=/Users/vannhat/Documents/Codevn_Jsp_Servlet/library/apache-tomcat-9.0.90
10-Jul-2024 13:17:10.141 INFO [main] org.apache.catalina.startup.VersionLoggerListener.log Command line argument: -Dcatalina.home=/Users/vannhat/Documents/Codevn_Jsp_Servlet/library/apache-tomcat-9.0.90
10-Jul-2024 13:17:10.141 INFO [main] org.apache.catalina.startup.VersionLoggerListener.log Command line argument: -Djava.io.tmpdir=/Users/vannhat/Documents/Codevn_Jsp_Servlet/library/apache-tomcat-9.0.90/temp
10-Jul-2024 13:17:10.158 INFO [main] org.apache.catalina.core.AprLifecycleListener.lifecycleEvent The Apache Tomcat Native library which allows using OpenSSL was not found on the java.library.path: [/Users/vannhat/Library/Java/Extensions:/Library/Java/Extensions:/Network/Library/Java/Extensions:/System/Library/Java/Extensions:/usr/lib/java:.]
10-Jul-2024 13:17:10.699 INFO [main] org.apache.coyote.AbstractProtocol.init Initializing ProtocolHandler ["http-nio-8080"]
10-Jul-2024 13:17:10.739 INFO [main] org.apache.catalina.startup.Catalina.load Server initialization in [988] milliseconds
10-Jul-2024 13:17:10.785 INFO [main] org.apache.catalina.core.StandardService.startInternal Starting service [Catalina]
10-Jul-2024 13:17:10.785 INFO [main] org.apache.catalina.core.StandardEngine.startInternal Starting Servlet engine: [Apache Tomcat/9.0.90]
10-Jul-2024 13:17:10.791 INFO [main] org.apache.catalina.startup.HostConfig.deployDescriptor Deploying deployment descriptor [/Users/vannhat/Documents/Codevn_Jsp_Servlet/library/apache-tomcat-9.0.90/conf/Catalina/localhost/WebsiteThoiTrang.xml]
10-Jul-2024 13:17:10.808 WARNING [main] org.apache.catalina.startup.HostConfig.deployDescriptor The path attribute with value [/WebsiteThoiTrang] in deployment descriptor [/Users/vannhat/Documents/Codevn_Jsp_Servlet/library/apache-tomcat-9.0.90/conf/Catalina/localhost/WebsiteThoiTrang.xml] has been ignored
10-Jul-2024 13:17:14.329 INFO [main] org.apache.jasper.servlet.TldScanner.scanJars At least one JAR was scanned for TLDs yet contained no TLDs. Enable debug logging for this logger for a complete list of JARs that were scanned but no TLDs were found in them. Skipping unneeded JARs during scanning can improve startup time and JSP compilation time.
10-Jul-2024 13:17:14.404 INFO [main] org.apache.catalina.startup.HostConfig.deployDescriptor Deployment of deployment descriptor [/Users/vannhat/Documents/Codevn_Jsp_Servlet/library/apache-tomcat-9.0.90/conf/Catalina/localhost/WebsiteThoiTrang.xml] has finished in [3,612] ms
10-Jul-2024 13:17:14.405 INFO [main] org.apache.catalina.startup.HostConfig.deployDescriptor Deploying deployment descriptor [/Users/vannhat/Documents/Codevn_Jsp_Servlet/library/apache-tomcat-9.0.90/conf/Catalina/localhost/demo_khanh.xml]
10-Jul-2024 13:17:14.405 WARNING [main] org.apache.catalina.startup.HostConfig.deployDescriptor The path attribute with value [/demo_khanh] in deployment descriptor [/Users/vannhat/Documents/Codevn_Jsp_Servlet/library/apache-tomcat-9.0.90/conf/Catalina/localhost/demo_khanh.xml] has been ignored
10-Jul-2024 13:17:14.659 INFO [main] org.apache.jasper.servlet.TldScanner.scanJars At least one JAR was scanned for TLDs yet contained no TLDs. Enable debug logging for this logger for a complete list of JARs that were scanned but no TLDs were found in them. Skipping unneeded JARs during scanning can improve startup time and JSP compilation time.
10-Jul-2024 13:17:14.672 INFO [main] org.apache.catalina.startup.HostConfig.deployDescriptor Deployment of deployment descriptor [/Users/vannhat/Documents/Codevn_Jsp_Servlet/library/apache-tomcat-9.0.90/conf/Catalina/localhost/demo_khanh.xml] has finished in [268] ms
10-Jul-2024 13:17:14.673 INFO [main] org.apache.catalina.startup.HostConfig.deployDirectory Deploying web application directory [/Users/vannhat/Documents/Codevn_Jsp_Servlet/library/apache-tomcat-9.0.90/webapps/docs]
10-Jul-2024 13:17:14.714 INFO [main] org.apache.catalina.startup.HostConfig.deployDirectory Deployment of web application directory [/Users/vannhat/Documents/Codevn_Jsp_Servlet/library/apache-tomcat-9.0.90/webapps/docs] has finished in [41] ms
10-Jul-2024 13:17:14.714 INFO [main] org.apache.catalina.startup.HostConfig.deployDirectory Deploying web application directory [/Users/vannhat/Documents/Codevn_Jsp_Servlet/library/apache-tomcat-9.0.90/webapps/manager]
10-Jul-2024 13:17:14.762 INFO [main] org.apache.catalina.startup.HostConfig.deployDirectory Deployment of web application directory [/Users/vannhat/Documents/Codevn_Jsp_Servlet/library/apache-tomcat-9.0.90/webapps/manager] has finished in [48] ms
10-Jul-2024 13:17:14.762 INFO [main] org.apache.catalina.startup.HostConfig.deployDirectory Deploying web application directory [/Users/vannhat/Documents/Codevn_Jsp_Servlet/library/apache-tomcat-9.0.90/webapps/examples]
10-Jul-2024 13:17:14.961 INFO [main] org.apache.catalina.startup.HostConfig.deployDirectory Deployment of web application directory [/Users/vannhat/Documents/Codevn_Jsp_Servlet/library/apache-tomcat-9.0.90/webapps/examples] has finished in [198] ms
10-Jul-2024 13:17:14.961 INFO [main] org.apache.catalina.startup.HostConfig.deployDirectory Deploying web application directory [/Users/vannhat/Documents/Codevn_Jsp_Servlet/library/apache-tomcat-9.0.90/webapps/ROOT]
10-Jul-2024 13:17:14.977 INFO [main] org.apache.catalina.startup.HostConfig.deployDirectory Deployment of web application directory [/Users/vannhat/Documents/Codevn_Jsp_Servlet/library/apache-tomcat-9.0.90/webapps/ROOT] has finished in [16] ms
10-Jul-2024 13:17:14.978 INFO [main] org.apache.catalina.startup.HostConfig.deployDirectory Deploying web application directory [/Users/vannhat/Documents/Codevn_Jsp_Servlet/library/apache-tomcat-9.0.90/webapps/host-manager]
10-Jul-2024 13:17:14.996 INFO [main] org.apache.catalina.startup.HostConfig.deployDirectory Deployment of web application directory [/Users/vannhat/Documents/Codevn_Jsp_Servlet/library/apache-tomcat-9.0.90/webapps/host-manager] has finished in [18] ms
10-Jul-2024 13:17:15.000 INFO [main] org.apache.coyote.AbstractProtocol.start Starting ProtocolHandler ["http-nio-8080"]
10-Jul-2024 13:17:15.011 INFO [main] org.apache.catalina.startup.Catalina.start Server startup in [4270] milliseconds
10-Jul-2024 13:17:17.195 INFO [http-nio-8080-exec-1] org.apache.catalina.startup.HostConfig.deployDescriptor Deploying deployment descriptor [/Users/vannhat/Documents/Codevn_Jsp_Servlet/library/apache-tomcat-9.0.90/conf/Catalina/localhost/practice_exam.xml]
10-Jul-2024 13:17:17.197 WARNING [http-nio-8080-exec-1] org.apache.catalina.startup.HostConfig.deployDescriptor The path attribute with value [/practice_exam] in deployment descriptor [/Users/vannhat/Documents/Codevn_Jsp_Servlet/library/apache-tomcat-9.0.90/conf/Catalina/localhost/practice_exam.xml] has been ignored
10-Jul-2024 13:17:17.463 INFO [http-nio-8080-exec-1] org.apache.jasper.servlet.TldScanner.scanJars At least one JAR was scanned for TLDs yet contained no TLDs. Enable debug logging for this logger for a complete list of JARs that were scanned but no TLDs were found in them. Skipping unneeded JARs during scanning can improve startup time and JSP compilation time.
10-Jul-2024 13:17:17.478 INFO [http-nio-8080-exec-1] org.apache.catalina.startup.HostConfig.deployDescriptor Deployment of deployment descriptor [/Users/vannhat/Documents/Codevn_Jsp_Servlet/library/apache-tomcat-9.0.90/conf/Catalina/localhost/practice_exam.xml] has finished in [283] ms
10-Jul-2024 13:17:17.487 INFO [http-nio-8080-exec-2] org.apache.catalina.util.LifecycleBase.start The start() method was called on component [StandardEngine[Catalina].StandardHost[localhost].StandardContext[/practice_exam]] after start() had already been called. The second call will be ignored.
10-Jul-2024 13:17:20.215 INFO [http-nio-8080-exec-3] org.apache.tomcat.util.http.parser.Cookie.logInvalidHeader A cookie header was received [g_state={"i_l":0}] that contained an invalid cookie. That cookie will be ignored.
 Note: further occurrences of this error will be logged at DEBUG level.
10-Jul-2024 13:18:41.315 INFO [http-nio-8080-exec-2] org.apache.catalina.core.StandardContext.reload Reloading Context with name [/practice_exam] has started
10-Jul-2024 13:18:41.332 WARNING [http-nio-8080-exec-2] org.apache.catalina.loader.WebappClassLoaderBase.clearReferencesJdbc The web application [practice_exam] registered the JDBC driver [com.microsoft.sqlserver.jdbc.SQLServerDriver] but failed to unregister it when the web application was stopped. To prevent a memory leak, the JDBC Driver has been forcibly unregistered.
10-Jul-2024 13:18:41.665 INFO [http-nio-8080-exec-2] org.apache.jasper.servlet.TldScanner.scanJars At least one JAR was scanned for TLDs yet contained no TLDs. Enable debug logging for this logger for a complete list of JARs that were scanned but no TLDs were found in them. Skipping unneeded JARs during scanning can improve startup time and JSP compilation time.
10-Jul-2024 13:18:41.676 INFO [http-nio-8080-exec-2] org.apache.catalina.core.StandardContext.reload Reloading Context with name [/practice_exam] is completed
10-Jul-2024 13:22:34.693 INFO [http-nio-8080-exec-15] org.apache.catalina.core.StandardContext.reload Reloading Context with name [/practice_exam] has started
10-Jul-2024 13:22:34.708 WARNING [http-nio-8080-exec-15] org.apache.catalina.loader.WebappClassLoaderBase.clearReferencesJdbc The web application [practice_exam] registered the JDBC driver [com.microsoft.sqlserver.jdbc.SQLServerDriver] but failed to unregister it when the web application was stopped. To prevent a memory leak, the JDBC Driver has been forcibly unregistered.
10-Jul-2024 13:22:35.196 INFO [http-nio-8080-exec-15] org.apache.jasper.servlet.TldScanner.scanJars At least one JAR was scanned for TLDs yet contained no TLDs. Enable debug logging for this logger for a complete list of JARs that were scanned but no TLDs were found in them. Skipping unneeded JARs during scanning can improve startup time and JSP compilation time.
10-Jul-2024 13:22:35.208 INFO [http-nio-8080-exec-15] org.apache.catalina.core.StandardContext.reload Reloading Context with name [/practice_exam] is completed
10-Jul-2024 13:22:35.547 INFO [http-nio-8080-exec-11] org.apache.catalina.core.StandardContext.reload Reloading Context with name [/practice_exam] has started
10-Jul-2024 13:22:35.884 INFO [http-nio-8080-exec-11] org.apache.jasper.servlet.TldScanner.scanJars At least one JAR was scanned for TLDs yet contained no TLDs. Enable debug logging for this logger for a complete list of JARs that were scanned but no TLDs were found in them. Skipping unneeded JARs during scanning can improve startup time and JSP compilation time.
10-Jul-2024 13:22:35.901 INFO [http-nio-8080-exec-11] org.apache.catalina.core.StandardContext.reload Reloading Context with name [/practice_exam] is completed
10-Jul-2024 13:25:50.692 INFO [http-nio-8080-exec-25] org.apache.catalina.core.StandardContext.reload Reloading Context with name [/practice_exam] has started
10-Jul-2024 13:25:51.053 INFO [http-nio-8080-exec-25] org.apache.jasper.servlet.TldScanner.scanJars At least one JAR was scanned for TLDs yet contained no TLDs. Enable debug logging for this logger for a complete list of JARs that were scanned but no TLDs were found in them. Skipping unneeded JARs during scanning can improve startup time and JSP compilation time.
10-Jul-2024 13:25:51.063 INFO [http-nio-8080-exec-25] org.apache.catalina.core.StandardContext.reload Reloading Context with name [/practice_exam] is completed
10-Jul-2024 13:25:51.408 INFO [http-nio-8080-exec-23] org.apache.catalina.core.StandardContext.reload Reloading Context with name [/practice_exam] has started
10-Jul-2024 13:25:51.923 INFO [http-nio-8080-exec-23] org.apache.jasper.servlet.TldScanner.scanJars At least one JAR was scanned for TLDs yet contained no TLDs. Enable debug logging for this logger for a complete list of JARs that were scanned but no TLDs were found in them. Skipping unneeded JARs during scanning can improve startup time and JSP compilation time.
10-Jul-2024 13:25:51.941 INFO [http-nio-8080-exec-23] org.apache.catalina.core.StandardContext.reload Reloading Context with name [/practice_exam] is completed
10-Jul-2024 13:25:57.050 INFO [http-nio-8080-exec-24] org.apache.catalina.core.StandardContext.reload Reloading Context with name [/practice_exam] has started
10-Jul-2024 13:25:57.206 INFO [http-nio-8080-exec-24] org.apache.jasper.servlet.TldScanner.scanJars At least one JAR was scanned for TLDs yet contained no TLDs. Enable debug logging for this logger for a complete list of JARs that were scanned but no TLDs were found in them. Skipping unneeded JARs during scanning can improve startup time and JSP compilation time.
10-Jul-2024 13:25:57.210 INFO [http-nio-8080-exec-24] org.apache.catalina.core.StandardContext.reload Reloading Context with name [/practice_exam] is completed
10-Jul-2024 13:26:09.814 INFO [http-nio-8080-exec-20] org.apache.catalina.core.StandardContext.reload Reloading Context with name [/practice_exam] has started
10-Jul-2024 13:26:09.974 INFO [http-nio-8080-exec-20] org.apache.jasper.servlet.TldScanner.scanJars At least one JAR was scanned for TLDs yet contained no TLDs. Enable debug logging for this logger for a complete list of JARs that were scanned but no TLDs were found in them. Skipping unneeded JARs during scanning can improve startup time and JSP compilation time.
10-Jul-2024 13:26:09.978 INFO [http-nio-8080-exec-20] org.apache.catalina.core.StandardContext.reload Reloading Context with name [/practice_exam] is completed
10-Jul-2024 13:26:29.170 INFO [http-nio-8080-exec-27] org.apache.catalina.core.StandardContext.reload Reloading Context with name [/practice_exam] has started
10-Jul-2024 13:26:29.514 INFO [http-nio-8080-exec-27] org.apache.jasper.servlet.TldScanner.scanJars At least one JAR was scanned for TLDs yet contained no TLDs. Enable debug logging for this logger for a complete list of JARs that were scanned but no TLDs were found in them. Skipping unneeded JARs during scanning can improve startup time and JSP compilation time.
10-Jul-2024 13:26:29.522 INFO [http-nio-8080-exec-27] org.apache.catalina.core.StandardContext.reload Reloading Context with name [/practice_exam] is completed
10-Jul-2024 13:27:41.817 INFO [http-nio-8080-exec-19] org.apache.catalina.core.StandardContext.reload Reloading Context with name [/practice_exam] has started
10-Jul-2024 13:27:41.824 WARNING [http-nio-8080-exec-19] org.apache.catalina.loader.WebappClassLoaderBase.clearReferencesJdbc The web application [practice_exam] registered the JDBC driver [com.microsoft.sqlserver.jdbc.SQLServerDriver] but failed to unregister it when the web application was stopped. To prevent a memory leak, the JDBC Driver has been forcibly unregistered.
10-Jul-2024 13:27:42.024 INFO [http-nio-8080-exec-19] org.apache.jasper.servlet.TldScanner.scanJars At least one JAR was scanned for TLDs yet contained no TLDs. Enable debug logging for this logger for a complete list of JARs that were scanned but no TLDs were found in them. Skipping unneeded JARs during scanning can improve startup time and JSP compilation time.
10-Jul-2024 13:27:42.028 INFO [http-nio-8080-exec-19] org.apache.catalina.core.StandardContext.reload Reloading Context with name [/practice_exam] is completed
10-Jul-2024 13:28:54.757 INFO [main] org.apache.catalina.core.StandardServer.await A valid shutdown command was received via the shutdown port. Stopping the Server instance.
10-Jul-2024 13:28:54.759 INFO [main] org.apache.coyote.AbstractProtocol.pause Pausing ProtocolHandler ["http-nio-8080"]
10-Jul-2024 13:28:54.762 INFO [main] org.apache.catalina.core.StandardService.stopInternal Stopping service [Catalina]
10-Jul-2024 13:28:54.924 WARNING [main] org.apache.catalina.loader.WebappClassLoaderBase.clearReferencesJdbc The web application [practice_exam] registered the JDBC driver [com.microsoft.sqlserver.jdbc.SQLServerDriver] but failed to unregister it when the web application was stopped. To prevent a memory leak, the JDBC Driver has been forcibly unregistered.
10-Jul-2024 13:28:54.930 INFO [main] org.apache.coyote.AbstractProtocol.stop Stopping ProtocolHandler ["http-nio-8080"]
10-Jul-2024 13:28:54.957 INFO [main] org.apache.coyote.AbstractProtocol.destroy Destroying ProtocolHandler ["http-nio-8080"]
