11-Jul-2024 13:24:22.978 INFO [main] org.apache.catalina.startup.VersionLoggerListener.log Server version name:   Apache Tomcat/9.0.90
11-Jul-2024 13:24:22.982 INFO [main] org.apache.catalina.startup.VersionLoggerListener.log Server built:          Jun 14 2024 14:45:13 UTC
11-Jul-2024 13:24:22.982 INFO [main] org.apache.catalina.startup.VersionLoggerListener.log Server version number: 9.0.90.0
11-Jul-2024 13:24:22.982 INFO [main] org.apache.catalina.startup.VersionLoggerListener.log OS Name:               Mac OS X
11-Jul-2024 13:24:22.982 INFO [main] org.apache.catalina.startup.VersionLoggerListener.log OS Version:            14.5
11-Jul-2024 13:24:22.982 INFO [main] org.apache.catalina.startup.VersionLoggerListener.log Architecture:          aarch64
11-Jul-2024 13:24:22.982 INFO [main] org.apache.catalina.startup.VersionLoggerListener.log Java Home:             /Users/vannhat/Library/Java/JavaVirtualMachines/corretto-21.0.3/Contents/Home
11-Jul-2024 13:24:22.982 INFO [main] org.apache.catalina.startup.VersionLoggerListener.log JVM Version:           21.0.3+9-LTS
11-Jul-2024 13:24:22.982 INFO [main] org.apache.catalina.startup.VersionLoggerListener.log JVM Vendor:            Amazon.com Inc.
11-Jul-2024 13:24:22.983 INFO [main] org.apache.catalina.startup.VersionLoggerListener.log CATALINA_BASE:         /Users/vannhat/Documents/Codevn_Jsp_Servlet/library/apache-tomcat-9.0.90
11-Jul-2024 13:24:22.983 INFO [main] org.apache.catalina.startup.VersionLoggerListener.log CATALINA_HOME:         /Users/vannhat/Documents/Codevn_Jsp_Servlet/library/apache-tomcat-9.0.90
11-Jul-2024 13:24:22.995 INFO [main] org.apache.catalina.startup.VersionLoggerListener.log Command line argument: --add-opens=java.base/java.lang=ALL-UNNAMED
11-Jul-2024 13:24:22.995 INFO [main] org.apache.catalina.startup.VersionLoggerListener.log Command line argument: --add-opens=java.base/java.io=ALL-UNNAMED
11-Jul-2024 13:24:22.995 INFO [main] org.apache.catalina.startup.VersionLoggerListener.log Command line argument: --add-opens=java.base/java.util=ALL-UNNAMED
11-Jul-2024 13:24:22.995 INFO [main] org.apache.catalina.startup.VersionLoggerListener.log Command line argument: --add-opens=java.base/java.util.concurrent=ALL-UNNAMED
11-Jul-2024 13:24:22.995 INFO [main] org.apache.catalina.startup.VersionLoggerListener.log Command line argument: --add-opens=java.rmi/sun.rmi.transport=ALL-UNNAMED
11-Jul-2024 13:24:22.995 INFO [main] org.apache.catalina.startup.VersionLoggerListener.log Command line argument: -Djava.util.logging.config.file=/Users/vannhat/Documents/Codevn_Jsp_Servlet/library/apache-tomcat-9.0.90/conf/logging.properties
11-Jul-2024 13:24:22.996 INFO [main] org.apache.catalina.startup.VersionLoggerListener.log Command line argument: -Djava.util.logging.manager=org.apache.juli.ClassLoaderLogManager
11-Jul-2024 13:24:22.996 INFO [main] org.apache.catalina.startup.VersionLoggerListener.log Command line argument: -Dhttp.nonProxyHosts=localhost|127.0.0.1|NHATs-MBP
11-Jul-2024 13:24:22.996 INFO [main] org.apache.catalina.startup.VersionLoggerListener.log Command line argument: -Djdk.tls.ephemeralDHKeySize=2048
11-Jul-2024 13:24:22.996 INFO [main] org.apache.catalina.startup.VersionLoggerListener.log Command line argument: -Djava.protocol.handler.pkgs=org.apache.catalina.webresources
11-Jul-2024 13:24:22.996 INFO [main] org.apache.catalina.startup.VersionLoggerListener.log Command line argument: -Dorg.apache.catalina.security.SecurityListener.UMASK=0027
11-Jul-2024 13:24:22.996 INFO [main] org.apache.catalina.startup.VersionLoggerListener.log Command line argument: -Dignore.endorsed.dirs=
11-Jul-2024 13:24:22.996 INFO [main] org.apache.catalina.startup.VersionLoggerListener.log Command line argument: -Dcatalina.base=/Users/vannhat/Documents/Codevn_Jsp_Servlet/library/apache-tomcat-9.0.90
11-Jul-2024 13:24:22.996 INFO [main] org.apache.catalina.startup.VersionLoggerListener.log Command line argument: -Dcatalina.home=/Users/vannhat/Documents/Codevn_Jsp_Servlet/library/apache-tomcat-9.0.90
11-Jul-2024 13:24:22.996 INFO [main] org.apache.catalina.startup.VersionLoggerListener.log Command line argument: -Djava.io.tmpdir=/Users/vannhat/Documents/Codevn_Jsp_Servlet/library/apache-tomcat-9.0.90/temp
11-Jul-2024 13:24:23.007 INFO [main] org.apache.catalina.core.AprLifecycleListener.lifecycleEvent The Apache Tomcat Native library which allows using OpenSSL was not found on the java.library.path: [/Users/vannhat/Library/Java/Extensions:/Library/Java/Extensions:/Network/Library/Java/Extensions:/System/Library/Java/Extensions:/usr/lib/java:.]
11-Jul-2024 13:24:23.301 INFO [main] org.apache.coyote.AbstractProtocol.init Initializing ProtocolHandler ["http-nio-8080"]
11-Jul-2024 13:24:23.327 INFO [main] org.apache.catalina.startup.Catalina.load Server initialization in [519] milliseconds
11-Jul-2024 13:24:23.360 INFO [main] org.apache.catalina.core.StandardService.startInternal Starting service [Catalina]
11-Jul-2024 13:24:23.360 INFO [main] org.apache.catalina.core.StandardEngine.startInternal Starting Servlet engine: [Apache Tomcat/9.0.90]
11-Jul-2024 13:24:23.365 INFO [main] org.apache.catalina.startup.HostConfig.deployDescriptor Deploying deployment descriptor [/Users/vannhat/Documents/Codevn_Jsp_Servlet/library/apache-tomcat-9.0.90/conf/Catalina/localhost/WebsiteThoiTrang.xml]
11-Jul-2024 13:24:23.375 WARNING [main] org.apache.catalina.startup.HostConfig.deployDescriptor The path attribute with value [/WebsiteThoiTrang] in deployment descriptor [/Users/vannhat/Documents/Codevn_Jsp_Servlet/library/apache-tomcat-9.0.90/conf/Catalina/localhost/WebsiteThoiTrang.xml] has been ignored
11-Jul-2024 13:24:25.761 INFO [main] org.apache.jasper.servlet.TldScanner.scanJars At least one JAR was scanned for TLDs yet contained no TLDs. Enable debug logging for this logger for a complete list of JARs that were scanned but no TLDs were found in them. Skipping unneeded JARs during scanning can improve startup time and JSP compilation time.
11-Jul-2024 13:24:25.787 INFO [main] org.apache.catalina.startup.HostConfig.deployDescriptor Deployment of deployment descriptor [/Users/vannhat/Documents/Codevn_Jsp_Servlet/library/apache-tomcat-9.0.90/conf/Catalina/localhost/WebsiteThoiTrang.xml] has finished in [2,422] ms
11-Jul-2024 13:24:25.787 INFO [main] org.apache.catalina.startup.HostConfig.deployDescriptor Deploying deployment descriptor [/Users/vannhat/Documents/Codevn_Jsp_Servlet/library/apache-tomcat-9.0.90/conf/Catalina/localhost/practice_exam.xml]
11-Jul-2024 13:24:25.788 WARNING [main] org.apache.catalina.startup.HostConfig.deployDescriptor The path attribute with value [/practice_exam] in deployment descriptor [/Users/vannhat/Documents/Codevn_Jsp_Servlet/library/apache-tomcat-9.0.90/conf/Catalina/localhost/practice_exam.xml] has been ignored
11-Jul-2024 13:24:25.926 INFO [main] org.apache.jasper.servlet.TldScanner.scanJars At least one JAR was scanned for TLDs yet contained no TLDs. Enable debug logging for this logger for a complete list of JARs that were scanned but no TLDs were found in them. Skipping unneeded JARs during scanning can improve startup time and JSP compilation time.
11-Jul-2024 13:24:25.943 INFO [main] org.apache.catalina.startup.HostConfig.deployDescriptor Deployment of deployment descriptor [/Users/vannhat/Documents/Codevn_Jsp_Servlet/library/apache-tomcat-9.0.90/conf/Catalina/localhost/practice_exam.xml] has finished in [156] ms
11-Jul-2024 13:24:25.943 INFO [main] org.apache.catalina.startup.HostConfig.deployDescriptor Deploying deployment descriptor [/Users/vannhat/Documents/Codevn_Jsp_Servlet/library/apache-tomcat-9.0.90/conf/Catalina/localhost/demo_khanh.xml]
11-Jul-2024 13:24:25.944 WARNING [main] org.apache.catalina.startup.HostConfig.deployDescriptor The path attribute with value [/demo_khanh] in deployment descriptor [/Users/vannhat/Documents/Codevn_Jsp_Servlet/library/apache-tomcat-9.0.90/conf/Catalina/localhost/demo_khanh.xml] has been ignored
11-Jul-2024 13:24:26.067 INFO [main] org.apache.jasper.servlet.TldScanner.scanJars At least one JAR was scanned for TLDs yet contained no TLDs. Enable debug logging for this logger for a complete list of JARs that were scanned but no TLDs were found in them. Skipping unneeded JARs during scanning can improve startup time and JSP compilation time.
11-Jul-2024 13:24:26.072 INFO [main] org.apache.catalina.startup.HostConfig.deployDescriptor Deployment of deployment descriptor [/Users/vannhat/Documents/Codevn_Jsp_Servlet/library/apache-tomcat-9.0.90/conf/Catalina/localhost/demo_khanh.xml] has finished in [129] ms
11-Jul-2024 13:24:26.073 INFO [main] org.apache.catalina.startup.HostConfig.deployDirectory Deploying web application directory [/Users/vannhat/Documents/Codevn_Jsp_Servlet/library/apache-tomcat-9.0.90/webapps/docs]
11-Jul-2024 13:24:26.086 INFO [main] org.apache.catalina.startup.HostConfig.deployDirectory Deployment of web application directory [/Users/vannhat/Documents/Codevn_Jsp_Servlet/library/apache-tomcat-9.0.90/webapps/docs] has finished in [13] ms
11-Jul-2024 13:24:26.087 INFO [main] org.apache.catalina.startup.HostConfig.deployDirectory Deploying web application directory [/Users/vannhat/Documents/Codevn_Jsp_Servlet/library/apache-tomcat-9.0.90/webapps/manager]
11-Jul-2024 13:24:26.108 INFO [main] org.apache.catalina.startup.HostConfig.deployDirectory Deployment of web application directory [/Users/vannhat/Documents/Codevn_Jsp_Servlet/library/apache-tomcat-9.0.90/webapps/manager] has finished in [22] ms
11-Jul-2024 13:24:26.108 INFO [main] org.apache.catalina.startup.HostConfig.deployDirectory Deploying web application directory [/Users/vannhat/Documents/Codevn_Jsp_Servlet/library/apache-tomcat-9.0.90/webapps/examples]
11-Jul-2024 13:24:26.219 INFO [main] org.apache.catalina.startup.HostConfig.deployDirectory Deployment of web application directory [/Users/vannhat/Documents/Codevn_Jsp_Servlet/library/apache-tomcat-9.0.90/webapps/examples] has finished in [111] ms
11-Jul-2024 13:24:26.219 INFO [main] org.apache.catalina.startup.HostConfig.deployDirectory Deploying web application directory [/Users/vannhat/Documents/Codevn_Jsp_Servlet/library/apache-tomcat-9.0.90/webapps/ROOT]
11-Jul-2024 13:24:26.229 INFO [main] org.apache.catalina.startup.HostConfig.deployDirectory Deployment of web application directory [/Users/vannhat/Documents/Codevn_Jsp_Servlet/library/apache-tomcat-9.0.90/webapps/ROOT] has finished in [10] ms
11-Jul-2024 13:24:26.229 INFO [main] org.apache.catalina.startup.HostConfig.deployDirectory Deploying web application directory [/Users/vannhat/Documents/Codevn_Jsp_Servlet/library/apache-tomcat-9.0.90/webapps/host-manager]
11-Jul-2024 13:24:26.241 INFO [main] org.apache.catalina.startup.HostConfig.deployDirectory Deployment of web application directory [/Users/vannhat/Documents/Codevn_Jsp_Servlet/library/apache-tomcat-9.0.90/webapps/host-manager] has finished in [12] ms
11-Jul-2024 13:24:26.243 INFO [main] org.apache.coyote.AbstractProtocol.start Starting ProtocolHandler ["http-nio-8080"]
11-Jul-2024 13:24:26.251 INFO [main] org.apache.catalina.startup.Catalina.start Server startup in [2922] milliseconds
11-Jul-2024 13:24:28.808 INFO [http-nio-8080-exec-2] org.apache.catalina.startup.HostConfig.deployDescriptor Deploying deployment descriptor [/Users/vannhat/Documents/Codevn_Jsp_Servlet/library/apache-tomcat-9.0.90/conf/Catalina/localhost/practical_exam.xml]
11-Jul-2024 13:24:28.811 WARNING [http-nio-8080-exec-2] org.apache.catalina.startup.HostConfig.deployDescriptor The path attribute with value [/practical_exam] in deployment descriptor [/Users/vannhat/Documents/Codevn_Jsp_Servlet/library/apache-tomcat-9.0.90/conf/Catalina/localhost/practical_exam.xml] has been ignored
11-Jul-2024 13:24:29.084 INFO [http-nio-8080-exec-2] org.apache.jasper.servlet.TldScanner.scanJars At least one JAR was scanned for TLDs yet contained no TLDs. Enable debug logging for this logger for a complete list of JARs that were scanned but no TLDs were found in them. Skipping unneeded JARs during scanning can improve startup time and JSP compilation time.
11-Jul-2024 13:24:29.089 INFO [http-nio-8080-exec-2] org.apache.catalina.startup.HostConfig.deployDescriptor Deployment of deployment descriptor [/Users/vannhat/Documents/Codevn_Jsp_Servlet/library/apache-tomcat-9.0.90/conf/Catalina/localhost/practical_exam.xml] has finished in [281] ms
11-Jul-2024 13:24:29.095 INFO [http-nio-8080-exec-3] org.apache.catalina.util.LifecycleBase.start The start() method was called on component [StandardEngine[Catalina].StandardHost[localhost].StandardContext[/practical_exam]] after start() had already been called. The second call will be ignored.
11-Jul-2024 13:24:31.357 INFO [http-nio-8080-exec-4] org.apache.tomcat.util.http.parser.Cookie.logInvalidHeader A cookie header was received [g_state={"i_l":0}] that contained an invalid cookie. That cookie will be ignored.
 Note: further occurrences of this error will be logged at DEBUG level.
11-Jul-2024 13:28:03.857 WARNING [http-nio-8080-exec-2] org.apache.catalina.loader.WebappClassLoaderBase.clearReferencesJdbc The web application [practical_exam] registered the JDBC driver [com.microsoft.sqlserver.jdbc.SQLServerDriver] but failed to unregister it when the web application was stopped. To prevent a memory leak, the JDBC Driver has been forcibly unregistered.
11-Jul-2024 13:28:04.370 INFO [http-nio-8080-exec-2] org.apache.catalina.startup.HostConfig.undeploy Undeploying context [/practical_exam]
11-Jul-2024 13:29:03.711 INFO [main] org.apache.catalina.core.StandardServer.await A valid shutdown command was received via the shutdown port. Stopping the Server instance.
11-Jul-2024 13:29:03.712 INFO [main] org.apache.coyote.AbstractProtocol.pause Pausing ProtocolHandler ["http-nio-8080"]
11-Jul-2024 13:29:03.714 INFO [main] org.apache.catalina.core.StandardService.stopInternal Stopping service [Catalina]
11-Jul-2024 13:29:03.747 INFO [main] org.apache.coyote.AbstractProtocol.stop Stopping ProtocolHandler ["http-nio-8080"]
11-Jul-2024 13:29:03.753 INFO [main] org.apache.coyote.AbstractProtocol.destroy Destroying ProtocolHandler ["http-nio-8080"]
11-Jul-2024 13:29:07.420 INFO [main] org.apache.catalina.startup.VersionLoggerListener.log Server version name:   Apache Tomcat/9.0.90
11-Jul-2024 13:29:07.425 INFO [main] org.apache.catalina.startup.VersionLoggerListener.log Server built:          Jun 14 2024 14:45:13 UTC
11-Jul-2024 13:29:07.425 INFO [main] org.apache.catalina.startup.VersionLoggerListener.log Server version number: 9.0.90.0
11-Jul-2024 13:29:07.425 INFO [main] org.apache.catalina.startup.VersionLoggerListener.log OS Name:               Mac OS X
11-Jul-2024 13:29:07.425 INFO [main] org.apache.catalina.startup.VersionLoggerListener.log OS Version:            14.5
11-Jul-2024 13:29:07.426 INFO [main] org.apache.catalina.startup.VersionLoggerListener.log Architecture:          aarch64
11-Jul-2024 13:29:07.426 INFO [main] org.apache.catalina.startup.VersionLoggerListener.log Java Home:             /Users/vannhat/Library/Java/JavaVirtualMachines/corretto-21.0.3/Contents/Home
11-Jul-2024 13:29:07.426 INFO [main] org.apache.catalina.startup.VersionLoggerListener.log JVM Version:           21.0.3+9-LTS
11-Jul-2024 13:29:07.426 INFO [main] org.apache.catalina.startup.VersionLoggerListener.log JVM Vendor:            Amazon.com Inc.
11-Jul-2024 13:29:07.426 INFO [main] org.apache.catalina.startup.VersionLoggerListener.log CATALINA_BASE:         /Users/vannhat/Documents/Codevn_Jsp_Servlet/library/apache-tomcat-9.0.90
11-Jul-2024 13:29:07.426 INFO [main] org.apache.catalina.startup.VersionLoggerListener.log CATALINA_HOME:         /Users/vannhat/Documents/Codevn_Jsp_Servlet/library/apache-tomcat-9.0.90
11-Jul-2024 13:29:07.444 INFO [main] org.apache.catalina.startup.VersionLoggerListener.log Command line argument: --add-opens=java.base/java.lang=ALL-UNNAMED
11-Jul-2024 13:29:07.444 INFO [main] org.apache.catalina.startup.VersionLoggerListener.log Command line argument: --add-opens=java.base/java.io=ALL-UNNAMED
11-Jul-2024 13:29:07.444 INFO [main] org.apache.catalina.startup.VersionLoggerListener.log Command line argument: --add-opens=java.base/java.util=ALL-UNNAMED
11-Jul-2024 13:29:07.444 INFO [main] org.apache.catalina.startup.VersionLoggerListener.log Command line argument: --add-opens=java.base/java.util.concurrent=ALL-UNNAMED
11-Jul-2024 13:29:07.444 INFO [main] org.apache.catalina.startup.VersionLoggerListener.log Command line argument: --add-opens=java.rmi/sun.rmi.transport=ALL-UNNAMED
11-Jul-2024 13:29:07.444 INFO [main] org.apache.catalina.startup.VersionLoggerListener.log Command line argument: -Djava.util.logging.config.file=/Users/vannhat/Documents/Codevn_Jsp_Servlet/library/apache-tomcat-9.0.90/conf/logging.properties
11-Jul-2024 13:29:07.444 INFO [main] org.apache.catalina.startup.VersionLoggerListener.log Command line argument: -Djava.util.logging.manager=org.apache.juli.ClassLoaderLogManager
11-Jul-2024 13:29:07.444 INFO [main] org.apache.catalina.startup.VersionLoggerListener.log Command line argument: -Dhttp.nonProxyHosts=localhost|127.0.0.1|NHATs-MBP
11-Jul-2024 13:29:07.445 INFO [main] org.apache.catalina.startup.VersionLoggerListener.log Command line argument: -Djdk.tls.ephemeralDHKeySize=2048
11-Jul-2024 13:29:07.445 INFO [main] org.apache.catalina.startup.VersionLoggerListener.log Command line argument: -Djava.protocol.handler.pkgs=org.apache.catalina.webresources
11-Jul-2024 13:29:07.445 INFO [main] org.apache.catalina.startup.VersionLoggerListener.log Command line argument: -Dorg.apache.catalina.security.SecurityListener.UMASK=0027
11-Jul-2024 13:29:07.445 INFO [main] org.apache.catalina.startup.VersionLoggerListener.log Command line argument: -Dignore.endorsed.dirs=
11-Jul-2024 13:29:07.446 INFO [main] org.apache.catalina.startup.VersionLoggerListener.log Command line argument: -Dcatalina.base=/Users/vannhat/Documents/Codevn_Jsp_Servlet/library/apache-tomcat-9.0.90
11-Jul-2024 13:29:07.446 INFO [main] org.apache.catalina.startup.VersionLoggerListener.log Command line argument: -Dcatalina.home=/Users/vannhat/Documents/Codevn_Jsp_Servlet/library/apache-tomcat-9.0.90
11-Jul-2024 13:29:07.446 INFO [main] org.apache.catalina.startup.VersionLoggerListener.log Command line argument: -Djava.io.tmpdir=/Users/vannhat/Documents/Codevn_Jsp_Servlet/library/apache-tomcat-9.0.90/temp
11-Jul-2024 13:29:07.455 INFO [main] org.apache.catalina.core.AprLifecycleListener.lifecycleEvent The Apache Tomcat Native library which allows using OpenSSL was not found on the java.library.path: [/Users/vannhat/Library/Java/Extensions:/Library/Java/Extensions:/Network/Library/Java/Extensions:/System/Library/Java/Extensions:/usr/lib/java:.]
11-Jul-2024 13:29:07.764 INFO [main] org.apache.coyote.AbstractProtocol.init Initializing ProtocolHandler ["http-nio-8080"]
11-Jul-2024 13:29:07.788 INFO [main] org.apache.catalina.startup.Catalina.load Server initialization in [623] milliseconds
11-Jul-2024 13:29:07.821 INFO [main] org.apache.catalina.core.StandardService.startInternal Starting service [Catalina]
11-Jul-2024 13:29:07.821 INFO [main] org.apache.catalina.core.StandardEngine.startInternal Starting Servlet engine: [Apache Tomcat/9.0.90]
11-Jul-2024 13:29:07.829 INFO [main] org.apache.catalina.startup.HostConfig.deployDescriptor Deploying deployment descriptor [/Users/vannhat/Documents/Codevn_Jsp_Servlet/library/apache-tomcat-9.0.90/conf/Catalina/localhost/WebsiteThoiTrang.xml]
11-Jul-2024 13:29:07.840 WARNING [main] org.apache.catalina.startup.HostConfig.deployDescriptor The path attribute with value [/WebsiteThoiTrang] in deployment descriptor [/Users/vannhat/Documents/Codevn_Jsp_Servlet/library/apache-tomcat-9.0.90/conf/Catalina/localhost/WebsiteThoiTrang.xml] has been ignored
11-Jul-2024 13:29:10.093 INFO [main] org.apache.jasper.servlet.TldScanner.scanJars At least one JAR was scanned for TLDs yet contained no TLDs. Enable debug logging for this logger for a complete list of JARs that were scanned but no TLDs were found in them. Skipping unneeded JARs during scanning can improve startup time and JSP compilation time.
11-Jul-2024 13:29:10.118 INFO [main] org.apache.catalina.startup.HostConfig.deployDescriptor Deployment of deployment descriptor [/Users/vannhat/Documents/Codevn_Jsp_Servlet/library/apache-tomcat-9.0.90/conf/Catalina/localhost/WebsiteThoiTrang.xml] has finished in [2,289] ms
11-Jul-2024 13:29:10.118 INFO [main] org.apache.catalina.startup.HostConfig.deployDescriptor Deploying deployment descriptor [/Users/vannhat/Documents/Codevn_Jsp_Servlet/library/apache-tomcat-9.0.90/conf/Catalina/localhost/practice_exam.xml]
11-Jul-2024 13:29:10.119 WARNING [main] org.apache.catalina.startup.HostConfig.deployDescriptor The path attribute with value [/practice_exam] in deployment descriptor [/Users/vannhat/Documents/Codevn_Jsp_Servlet/library/apache-tomcat-9.0.90/conf/Catalina/localhost/practice_exam.xml] has been ignored
11-Jul-2024 13:29:10.255 INFO [main] org.apache.jasper.servlet.TldScanner.scanJars At least one JAR was scanned for TLDs yet contained no TLDs. Enable debug logging for this logger for a complete list of JARs that were scanned but no TLDs were found in them. Skipping unneeded JARs during scanning can improve startup time and JSP compilation time.
11-Jul-2024 13:29:10.261 INFO [main] org.apache.catalina.startup.HostConfig.deployDescriptor Deployment of deployment descriptor [/Users/vannhat/Documents/Codevn_Jsp_Servlet/library/apache-tomcat-9.0.90/conf/Catalina/localhost/practice_exam.xml] has finished in [142] ms
11-Jul-2024 13:29:10.261 INFO [main] org.apache.catalina.startup.HostConfig.deployDescriptor Deploying deployment descriptor [/Users/vannhat/Documents/Codevn_Jsp_Servlet/library/apache-tomcat-9.0.90/conf/Catalina/localhost/demo_khanh.xml]
11-Jul-2024 13:29:10.261 WARNING [main] org.apache.catalina.startup.HostConfig.deployDescriptor The path attribute with value [/demo_khanh] in deployment descriptor [/Users/vannhat/Documents/Codevn_Jsp_Servlet/library/apache-tomcat-9.0.90/conf/Catalina/localhost/demo_khanh.xml] has been ignored
11-Jul-2024 13:29:10.391 INFO [main] org.apache.jasper.servlet.TldScanner.scanJars At least one JAR was scanned for TLDs yet contained no TLDs. Enable debug logging for this logger for a complete list of JARs that were scanned but no TLDs were found in them. Skipping unneeded JARs during scanning can improve startup time and JSP compilation time.
11-Jul-2024 13:29:10.398 INFO [main] org.apache.catalina.startup.HostConfig.deployDescriptor Deployment of deployment descriptor [/Users/vannhat/Documents/Codevn_Jsp_Servlet/library/apache-tomcat-9.0.90/conf/Catalina/localhost/demo_khanh.xml] has finished in [137] ms
11-Jul-2024 13:29:10.399 INFO [main] org.apache.catalina.startup.HostConfig.deployDirectory Deploying web application directory [/Users/vannhat/Documents/Codevn_Jsp_Servlet/library/apache-tomcat-9.0.90/webapps/docs]
11-Jul-2024 13:29:10.417 INFO [main] org.apache.catalina.startup.HostConfig.deployDirectory Deployment of web application directory [/Users/vannhat/Documents/Codevn_Jsp_Servlet/library/apache-tomcat-9.0.90/webapps/docs] has finished in [17] ms
11-Jul-2024 13:29:10.417 INFO [main] org.apache.catalina.startup.HostConfig.deployDirectory Deploying web application directory [/Users/vannhat/Documents/Codevn_Jsp_Servlet/library/apache-tomcat-9.0.90/webapps/manager]
11-Jul-2024 13:29:10.442 INFO [main] org.apache.catalina.startup.HostConfig.deployDirectory Deployment of web application directory [/Users/vannhat/Documents/Codevn_Jsp_Servlet/library/apache-tomcat-9.0.90/webapps/manager] has finished in [24] ms
11-Jul-2024 13:29:10.442 INFO [main] org.apache.catalina.startup.HostConfig.deployDirectory Deploying web application directory [/Users/vannhat/Documents/Codevn_Jsp_Servlet/library/apache-tomcat-9.0.90/webapps/examples]
11-Jul-2024 13:29:10.580 INFO [main] org.apache.catalina.startup.HostConfig.deployDirectory Deployment of web application directory [/Users/vannhat/Documents/Codevn_Jsp_Servlet/library/apache-tomcat-9.0.90/webapps/examples] has finished in [138] ms
11-Jul-2024 13:29:10.580 INFO [main] org.apache.catalina.startup.HostConfig.deployDirectory Deploying web application directory [/Users/vannhat/Documents/Codevn_Jsp_Servlet/library/apache-tomcat-9.0.90/webapps/ROOT]
11-Jul-2024 13:29:10.592 INFO [main] org.apache.catalina.startup.HostConfig.deployDirectory Deployment of web application directory [/Users/vannhat/Documents/Codevn_Jsp_Servlet/library/apache-tomcat-9.0.90/webapps/ROOT] has finished in [12] ms
11-Jul-2024 13:29:10.592 INFO [main] org.apache.catalina.startup.HostConfig.deployDirectory Deploying web application directory [/Users/vannhat/Documents/Codevn_Jsp_Servlet/library/apache-tomcat-9.0.90/webapps/host-manager]
11-Jul-2024 13:29:10.606 INFO [main] org.apache.catalina.startup.HostConfig.deployDirectory Deployment of web application directory [/Users/vannhat/Documents/Codevn_Jsp_Servlet/library/apache-tomcat-9.0.90/webapps/host-manager] has finished in [14] ms
11-Jul-2024 13:29:10.609 INFO [main] org.apache.coyote.AbstractProtocol.start Starting ProtocolHandler ["http-nio-8080"]
11-Jul-2024 13:29:10.618 INFO [main] org.apache.catalina.startup.Catalina.start Server startup in [2828] milliseconds
11-Jul-2024 13:29:15.030 INFO [http-nio-8080-exec-6] org.apache.tomcat.util.http.parser.Cookie.logInvalidHeader A cookie header was received [g_state={"i_l":0}] that contained an invalid cookie. That cookie will be ignored.
 Note: further occurrences of this error will be logged at DEBUG level.
11-Jul-2024 13:29:26.580 INFO [main] org.apache.catalina.core.StandardServer.await A valid shutdown command was received via the shutdown port. Stopping the Server instance.
11-Jul-2024 13:29:26.581 INFO [main] org.apache.coyote.AbstractProtocol.pause Pausing ProtocolHandler ["http-nio-8080"]
11-Jul-2024 13:29:26.585 INFO [main] org.apache.catalina.core.StandardService.stopInternal Stopping service [Catalina]
11-Jul-2024 13:29:26.613 INFO [main] org.apache.coyote.AbstractProtocol.stop Stopping ProtocolHandler ["http-nio-8080"]
11-Jul-2024 13:29:26.624 INFO [main] org.apache.coyote.AbstractProtocol.destroy Destroying ProtocolHandler ["http-nio-8080"]
11-Jul-2024 13:29:32.341 INFO [main] org.apache.catalina.startup.VersionLoggerListener.log Server version name:   Apache Tomcat/9.0.90
11-Jul-2024 13:29:32.344 INFO [main] org.apache.catalina.startup.VersionLoggerListener.log Server built:          Jun 14 2024 14:45:13 UTC
11-Jul-2024 13:29:32.344 INFO [main] org.apache.catalina.startup.VersionLoggerListener.log Server version number: 9.0.90.0
11-Jul-2024 13:29:32.344 INFO [main] org.apache.catalina.startup.VersionLoggerListener.log OS Name:               Mac OS X
11-Jul-2024 13:29:32.344 INFO [main] org.apache.catalina.startup.VersionLoggerListener.log OS Version:            14.5
11-Jul-2024 13:29:32.344 INFO [main] org.apache.catalina.startup.VersionLoggerListener.log Architecture:          aarch64
11-Jul-2024 13:29:32.344 INFO [main] org.apache.catalina.startup.VersionLoggerListener.log Java Home:             /Users/vannhat/Library/Java/JavaVirtualMachines/corretto-21.0.3/Contents/Home
11-Jul-2024 13:29:32.344 INFO [main] org.apache.catalina.startup.VersionLoggerListener.log JVM Version:           21.0.3+9-LTS
11-Jul-2024 13:29:32.344 INFO [main] org.apache.catalina.startup.VersionLoggerListener.log JVM Vendor:            Amazon.com Inc.
11-Jul-2024 13:29:32.344 INFO [main] org.apache.catalina.startup.VersionLoggerListener.log CATALINA_BASE:         /Users/vannhat/Documents/Codevn_Jsp_Servlet/library/apache-tomcat-9.0.90
11-Jul-2024 13:29:32.344 INFO [main] org.apache.catalina.startup.VersionLoggerListener.log CATALINA_HOME:         /Users/vannhat/Documents/Codevn_Jsp_Servlet/library/apache-tomcat-9.0.90
11-Jul-2024 13:29:32.352 INFO [main] org.apache.catalina.startup.VersionLoggerListener.log Command line argument: --add-opens=java.base/java.lang=ALL-UNNAMED
11-Jul-2024 13:29:32.352 INFO [main] org.apache.catalina.startup.VersionLoggerListener.log Command line argument: --add-opens=java.base/java.io=ALL-UNNAMED
11-Jul-2024 13:29:32.352 INFO [main] org.apache.catalina.startup.VersionLoggerListener.log Command line argument: --add-opens=java.base/java.util=ALL-UNNAMED
11-Jul-2024 13:29:32.352 INFO [main] org.apache.catalina.startup.VersionLoggerListener.log Command line argument: --add-opens=java.base/java.util.concurrent=ALL-UNNAMED
11-Jul-2024 13:29:32.352 INFO [main] org.apache.catalina.startup.VersionLoggerListener.log Command line argument: --add-opens=java.rmi/sun.rmi.transport=ALL-UNNAMED
11-Jul-2024 13:29:32.352 INFO [main] org.apache.catalina.startup.VersionLoggerListener.log Command line argument: -Djava.util.logging.config.file=/Users/vannhat/Documents/Codevn_Jsp_Servlet/library/apache-tomcat-9.0.90/conf/logging.properties
11-Jul-2024 13:29:32.352 INFO [main] org.apache.catalina.startup.VersionLoggerListener.log Command line argument: -Djava.util.logging.manager=org.apache.juli.ClassLoaderLogManager
11-Jul-2024 13:29:32.352 INFO [main] org.apache.catalina.startup.VersionLoggerListener.log Command line argument: -Dhttp.nonProxyHosts=localhost|127.0.0.1|NHATs-MBP
11-Jul-2024 13:29:32.352 INFO [main] org.apache.catalina.startup.VersionLoggerListener.log Command line argument: -Djdk.tls.ephemeralDHKeySize=2048
11-Jul-2024 13:29:32.352 INFO [main] org.apache.catalina.startup.VersionLoggerListener.log Command line argument: -Djava.protocol.handler.pkgs=org.apache.catalina.webresources
11-Jul-2024 13:29:32.352 INFO [main] org.apache.catalina.startup.VersionLoggerListener.log Command line argument: -Dorg.apache.catalina.security.SecurityListener.UMASK=0027
11-Jul-2024 13:29:32.352 INFO [main] org.apache.catalina.startup.VersionLoggerListener.log Command line argument: -Dignore.endorsed.dirs=
11-Jul-2024 13:29:32.352 INFO [main] org.apache.catalina.startup.VersionLoggerListener.log Command line argument: -Dcatalina.base=/Users/vannhat/Documents/Codevn_Jsp_Servlet/library/apache-tomcat-9.0.90
11-Jul-2024 13:29:32.352 INFO [main] org.apache.catalina.startup.VersionLoggerListener.log Command line argument: -Dcatalina.home=/Users/vannhat/Documents/Codevn_Jsp_Servlet/library/apache-tomcat-9.0.90
11-Jul-2024 13:29:32.352 INFO [main] org.apache.catalina.startup.VersionLoggerListener.log Command line argument: -Djava.io.tmpdir=/Users/vannhat/Documents/Codevn_Jsp_Servlet/library/apache-tomcat-9.0.90/temp
11-Jul-2024 13:29:32.360 INFO [main] org.apache.catalina.core.AprLifecycleListener.lifecycleEvent The Apache Tomcat Native library which allows using OpenSSL was not found on the java.library.path: [/Users/vannhat/Library/Java/Extensions:/Library/Java/Extensions:/Network/Library/Java/Extensions:/System/Library/Java/Extensions:/usr/lib/java:.]
11-Jul-2024 13:29:32.638 INFO [main] org.apache.coyote.AbstractProtocol.init Initializing ProtocolHandler ["http-nio-8080"]
11-Jul-2024 13:29:32.667 INFO [main] org.apache.catalina.startup.Catalina.load Server initialization in [469] milliseconds
11-Jul-2024 13:29:32.706 INFO [main] org.apache.catalina.core.StandardService.startInternal Starting service [Catalina]
11-Jul-2024 13:29:32.706 INFO [main] org.apache.catalina.core.StandardEngine.startInternal Starting Servlet engine: [Apache Tomcat/9.0.90]
11-Jul-2024 13:29:32.713 INFO [main] org.apache.catalina.startup.HostConfig.deployDescriptor Deploying deployment descriptor [/Users/vannhat/Documents/Codevn_Jsp_Servlet/library/apache-tomcat-9.0.90/conf/Catalina/localhost/WebsiteThoiTrang.xml]
11-Jul-2024 13:29:32.726 WARNING [main] org.apache.catalina.startup.HostConfig.deployDescriptor The path attribute with value [/WebsiteThoiTrang] in deployment descriptor [/Users/vannhat/Documents/Codevn_Jsp_Servlet/library/apache-tomcat-9.0.90/conf/Catalina/localhost/WebsiteThoiTrang.xml] has been ignored
11-Jul-2024 13:29:35.096 INFO [main] org.apache.jasper.servlet.TldScanner.scanJars At least one JAR was scanned for TLDs yet contained no TLDs. Enable debug logging for this logger for a complete list of JARs that were scanned but no TLDs were found in them. Skipping unneeded JARs during scanning can improve startup time and JSP compilation time.
11-Jul-2024 13:29:35.120 INFO [main] org.apache.catalina.startup.HostConfig.deployDescriptor Deployment of deployment descriptor [/Users/vannhat/Documents/Codevn_Jsp_Servlet/library/apache-tomcat-9.0.90/conf/Catalina/localhost/WebsiteThoiTrang.xml] has finished in [2,408] ms
11-Jul-2024 13:29:35.121 INFO [main] org.apache.catalina.startup.HostConfig.deployDescriptor Deploying deployment descriptor [/Users/vannhat/Documents/Codevn_Jsp_Servlet/library/apache-tomcat-9.0.90/conf/Catalina/localhost/practice_exam.xml]
11-Jul-2024 13:29:35.121 WARNING [main] org.apache.catalina.startup.HostConfig.deployDescriptor The path attribute with value [/practice_exam] in deployment descriptor [/Users/vannhat/Documents/Codevn_Jsp_Servlet/library/apache-tomcat-9.0.90/conf/Catalina/localhost/practice_exam.xml] has been ignored
11-Jul-2024 13:29:35.261 INFO [main] org.apache.jasper.servlet.TldScanner.scanJars At least one JAR was scanned for TLDs yet contained no TLDs. Enable debug logging for this logger for a complete list of JARs that were scanned but no TLDs were found in them. Skipping unneeded JARs during scanning can improve startup time and JSP compilation time.
11-Jul-2024 13:29:35.266 INFO [main] org.apache.catalina.startup.HostConfig.deployDescriptor Deployment of deployment descriptor [/Users/vannhat/Documents/Codevn_Jsp_Servlet/library/apache-tomcat-9.0.90/conf/Catalina/localhost/practice_exam.xml] has finished in [146] ms
11-Jul-2024 13:29:35.267 INFO [main] org.apache.catalina.startup.HostConfig.deployDescriptor Deploying deployment descriptor [/Users/vannhat/Documents/Codevn_Jsp_Servlet/library/apache-tomcat-9.0.90/conf/Catalina/localhost/demo_khanh.xml]
11-Jul-2024 13:29:35.267 WARNING [main] org.apache.catalina.startup.HostConfig.deployDescriptor The path attribute with value [/demo_khanh] in deployment descriptor [/Users/vannhat/Documents/Codevn_Jsp_Servlet/library/apache-tomcat-9.0.90/conf/Catalina/localhost/demo_khanh.xml] has been ignored
11-Jul-2024 13:29:35.386 INFO [main] org.apache.jasper.servlet.TldScanner.scanJars At least one JAR was scanned for TLDs yet contained no TLDs. Enable debug logging for this logger for a complete list of JARs that were scanned but no TLDs were found in them. Skipping unneeded JARs during scanning can improve startup time and JSP compilation time.
11-Jul-2024 13:29:35.391 INFO [main] org.apache.catalina.startup.HostConfig.deployDescriptor Deployment of deployment descriptor [/Users/vannhat/Documents/Codevn_Jsp_Servlet/library/apache-tomcat-9.0.90/conf/Catalina/localhost/demo_khanh.xml] has finished in [124] ms
11-Jul-2024 13:29:35.391 INFO [main] org.apache.catalina.startup.HostConfig.deployDirectory Deploying web application directory [/Users/vannhat/Documents/Codevn_Jsp_Servlet/library/apache-tomcat-9.0.90/webapps/docs]
11-Jul-2024 13:29:35.404 INFO [main] org.apache.catalina.startup.HostConfig.deployDirectory Deployment of web application directory [/Users/vannhat/Documents/Codevn_Jsp_Servlet/library/apache-tomcat-9.0.90/webapps/docs] has finished in [13] ms
11-Jul-2024 13:29:35.404 INFO [main] org.apache.catalina.startup.HostConfig.deployDirectory Deploying web application directory [/Users/vannhat/Documents/Codevn_Jsp_Servlet/library/apache-tomcat-9.0.90/webapps/manager]
11-Jul-2024 13:29:35.424 INFO [main] org.apache.catalina.startup.HostConfig.deployDirectory Deployment of web application directory [/Users/vannhat/Documents/Codevn_Jsp_Servlet/library/apache-tomcat-9.0.90/webapps/manager] has finished in [20] ms
11-Jul-2024 13:29:35.424 INFO [main] org.apache.catalina.startup.HostConfig.deployDirectory Deploying web application directory [/Users/vannhat/Documents/Codevn_Jsp_Servlet/library/apache-tomcat-9.0.90/webapps/examples]
11-Jul-2024 13:29:35.527 INFO [main] org.apache.catalina.startup.HostConfig.deployDirectory Deployment of web application directory [/Users/vannhat/Documents/Codevn_Jsp_Servlet/library/apache-tomcat-9.0.90/webapps/examples] has finished in [103] ms
11-Jul-2024 13:29:35.527 INFO [main] org.apache.catalina.startup.HostConfig.deployDirectory Deploying web application directory [/Users/vannhat/Documents/Codevn_Jsp_Servlet/library/apache-tomcat-9.0.90/webapps/ROOT]
11-Jul-2024 13:29:35.537 INFO [main] org.apache.catalina.startup.HostConfig.deployDirectory Deployment of web application directory [/Users/vannhat/Documents/Codevn_Jsp_Servlet/library/apache-tomcat-9.0.90/webapps/ROOT] has finished in [10] ms
11-Jul-2024 13:29:35.537 INFO [main] org.apache.catalina.startup.HostConfig.deployDirectory Deploying web application directory [/Users/vannhat/Documents/Codevn_Jsp_Servlet/library/apache-tomcat-9.0.90/webapps/host-manager]
11-Jul-2024 13:29:35.548 INFO [main] org.apache.catalina.startup.HostConfig.deployDirectory Deployment of web application directory [/Users/vannhat/Documents/Codevn_Jsp_Servlet/library/apache-tomcat-9.0.90/webapps/host-manager] has finished in [11] ms
11-Jul-2024 13:29:35.553 INFO [main] org.apache.coyote.AbstractProtocol.start Starting ProtocolHandler ["http-nio-8080"]
11-Jul-2024 13:29:35.560 INFO [main] org.apache.catalina.startup.Catalina.start Server startup in [2892] milliseconds
11-Jul-2024 13:29:36.073 INFO [http-nio-8080-exec-8] org.apache.catalina.startup.HostConfig.deployDescriptor Deploying deployment descriptor [/Users/vannhat/Documents/Codevn_Jsp_Servlet/library/apache-tomcat-9.0.90/conf/Catalina/localhost/practical_exam.xml]
11-Jul-2024 13:29:36.073 WARNING [http-nio-8080-exec-8] org.apache.catalina.startup.HostConfig.deployDescriptor The path attribute with value [/practical_exam] in deployment descriptor [/Users/vannhat/Documents/Codevn_Jsp_Servlet/library/apache-tomcat-9.0.90/conf/Catalina/localhost/practical_exam.xml] has been ignored
11-Jul-2024 13:29:36.194 INFO [http-nio-8080-exec-8] org.apache.jasper.servlet.TldScanner.scanJars At least one JAR was scanned for TLDs yet contained no TLDs. Enable debug logging for this logger for a complete list of JARs that were scanned but no TLDs were found in them. Skipping unneeded JARs during scanning can improve startup time and JSP compilation time.
11-Jul-2024 13:29:36.199 INFO [http-nio-8080-exec-8] org.apache.catalina.startup.HostConfig.deployDescriptor Deployment of deployment descriptor [/Users/vannhat/Documents/Codevn_Jsp_Servlet/library/apache-tomcat-9.0.90/conf/Catalina/localhost/practical_exam.xml] has finished in [125] ms
11-Jul-2024 13:29:36.203 INFO [http-nio-8080-exec-9] org.apache.catalina.util.LifecycleBase.start The start() method was called on component [StandardEngine[Catalina].StandardHost[localhost].StandardContext[/practical_exam]] after start() had already been called. The second call will be ignored.
11-Jul-2024 13:29:37.787 INFO [http-nio-8080-exec-1] org.apache.tomcat.util.http.parser.Cookie.logInvalidHeader A cookie header was received [g_state={"i_l":0}] that contained an invalid cookie. That cookie will be ignored.
 Note: further occurrences of this error will be logged at DEBUG level.
11-Jul-2024 13:35:13.635 INFO [http-nio-8080-exec-3] org.apache.catalina.core.StandardContext.reload Reloading Context with name [/practical_exam] has started
11-Jul-2024 13:35:13.662 WARNING [http-nio-8080-exec-3] org.apache.catalina.loader.WebappClassLoaderBase.clearReferencesJdbc The web application [practical_exam] registered the JDBC driver [com.microsoft.sqlserver.jdbc.SQLServerDriver] but failed to unregister it when the web application was stopped. To prevent a memory leak, the JDBC Driver has been forcibly unregistered.
11-Jul-2024 13:35:13.849 INFO [http-nio-8080-exec-3] org.apache.jasper.servlet.TldScanner.scanJars At least one JAR was scanned for TLDs yet contained no TLDs. Enable debug logging for this logger for a complete list of JARs that were scanned but no TLDs were found in them. Skipping unneeded JARs during scanning can improve startup time and JSP compilation time.
11-Jul-2024 13:35:13.857 INFO [http-nio-8080-exec-3] org.apache.catalina.core.StandardContext.reload Reloading Context with name [/practical_exam] is completed
11-Jul-2024 13:35:31.356 INFO [http-nio-8080-exec-10] org.apache.catalina.core.StandardContext.reload Reloading Context with name [/practical_exam] has started
11-Jul-2024 13:35:31.513 INFO [http-nio-8080-exec-10] org.apache.jasper.servlet.TldScanner.scanJars At least one JAR was scanned for TLDs yet contained no TLDs. Enable debug logging for this logger for a complete list of JARs that were scanned but no TLDs were found in them. Skipping unneeded JARs during scanning can improve startup time and JSP compilation time.
11-Jul-2024 13:35:31.518 INFO [http-nio-8080-exec-10] org.apache.catalina.core.StandardContext.reload Reloading Context with name [/practical_exam] is completed
11-Jul-2024 13:36:24.017 INFO [http-nio-8080-exec-7] org.apache.catalina.core.StandardContext.reload Reloading Context with name [/practical_exam] has started
11-Jul-2024 13:36:24.289 INFO [http-nio-8080-exec-7] org.apache.jasper.servlet.TldScanner.scanJars At least one JAR was scanned for TLDs yet contained no TLDs. Enable debug logging for this logger for a complete list of JARs that were scanned but no TLDs were found in them. Skipping unneeded JARs during scanning can improve startup time and JSP compilation time.
11-Jul-2024 13:36:24.294 INFO [http-nio-8080-exec-7] org.apache.catalina.core.StandardContext.reload Reloading Context with name [/practical_exam] is completed
11-Jul-2024 13:38:18.046 INFO [http-nio-8080-exec-8] org.apache.catalina.core.StandardContext.reload Reloading Context with name [/practical_exam] has started
11-Jul-2024 13:38:18.208 INFO [http-nio-8080-exec-8] org.apache.jasper.servlet.TldScanner.scanJars At least one JAR was scanned for TLDs yet contained no TLDs. Enable debug logging for this logger for a complete list of JARs that were scanned but no TLDs were found in them. Skipping unneeded JARs during scanning can improve startup time and JSP compilation time.
11-Jul-2024 13:38:18.213 INFO [http-nio-8080-exec-8] org.apache.catalina.core.StandardContext.reload Reloading Context with name [/practical_exam] is completed
11-Jul-2024 13:48:08.914 INFO [http-nio-8080-exec-18] org.apache.catalina.core.StandardContext.reload Reloading Context with name [/practical_exam] has started
11-Jul-2024 13:48:08.922 WARNING [http-nio-8080-exec-18] org.apache.catalina.loader.WebappClassLoaderBase.clearReferencesJdbc The web application [practical_exam] registered the JDBC driver [com.microsoft.sqlserver.jdbc.SQLServerDriver] but failed to unregister it when the web application was stopped. To prevent a memory leak, the JDBC Driver has been forcibly unregistered.
11-Jul-2024 13:48:09.143 INFO [http-nio-8080-exec-18] org.apache.jasper.servlet.TldScanner.scanJars At least one JAR was scanned for TLDs yet contained no TLDs. Enable debug logging for this logger for a complete list of JARs that were scanned but no TLDs were found in them. Skipping unneeded JARs during scanning can improve startup time and JSP compilation time.
11-Jul-2024 13:48:09.149 INFO [http-nio-8080-exec-18] org.apache.catalina.core.StandardContext.reload Reloading Context with name [/practical_exam] is completed
11-Jul-2024 13:50:09.156 INFO [http-nio-8080-exec-28] org.apache.catalina.core.StandardContext.reload Reloading Context with name [/practical_exam] has started
11-Jul-2024 13:50:09.162 WARNING [http-nio-8080-exec-28] org.apache.catalina.loader.WebappClassLoaderBase.clearReferencesJdbc The web application [practical_exam] registered the JDBC driver [com.microsoft.sqlserver.jdbc.SQLServerDriver] but failed to unregister it when the web application was stopped. To prevent a memory leak, the JDBC Driver has been forcibly unregistered.
11-Jul-2024 13:50:09.354 INFO [http-nio-8080-exec-28] org.apache.jasper.servlet.TldScanner.scanJars At least one JAR was scanned for TLDs yet contained no TLDs. Enable debug logging for this logger for a complete list of JARs that were scanned but no TLDs were found in them. Skipping unneeded JARs during scanning can improve startup time and JSP compilation time.
11-Jul-2024 13:50:09.358 INFO [http-nio-8080-exec-28] org.apache.catalina.core.StandardContext.reload Reloading Context with name [/practical_exam] is completed
11-Jul-2024 13:50:52.062 INFO [http-nio-8080-exec-30] org.apache.catalina.core.StandardContext.reload Reloading Context with name [/practical_exam] has started
11-Jul-2024 13:50:52.209 INFO [http-nio-8080-exec-30] org.apache.jasper.servlet.TldScanner.scanJars At least one JAR was scanned for TLDs yet contained no TLDs. Enable debug logging for this logger for a complete list of JARs that were scanned but no TLDs were found in them. Skipping unneeded JARs during scanning can improve startup time and JSP compilation time.
11-Jul-2024 13:50:52.214 INFO [http-nio-8080-exec-30] org.apache.catalina.core.StandardContext.reload Reloading Context with name [/practical_exam] is completed
11-Jul-2024 14:42:09.392 INFO [main] org.apache.catalina.core.StandardServer.await A valid shutdown command was received via the shutdown port. Stopping the Server instance.
11-Jul-2024 14:42:09.403 INFO [main] org.apache.coyote.AbstractProtocol.pause Pausing ProtocolHandler ["http-nio-8080"]
11-Jul-2024 14:42:09.412 INFO [main] org.apache.catalina.core.StandardService.stopInternal Stopping service [Catalina]
11-Jul-2024 14:42:09.528 WARNING [main] org.apache.catalina.loader.WebappClassLoaderBase.clearReferencesJdbc The web application [practical_exam] registered the JDBC driver [com.microsoft.sqlserver.jdbc.SQLServerDriver] but failed to unregister it when the web application was stopped. To prevent a memory leak, the JDBC Driver has been forcibly unregistered.
11-Jul-2024 14:42:09.600 INFO [main] org.apache.coyote.AbstractProtocol.stop Stopping ProtocolHandler ["http-nio-8080"]
11-Jul-2024 14:42:09.633 INFO [main] org.apache.coyote.AbstractProtocol.destroy Destroying ProtocolHandler ["http-nio-8080"]
