26-Jul-2024 11:08:55.234 INFO [main] org.apache.catalina.startup.VersionLoggerListener.log Server version name:   Apache Tomcat/9.0.90
26-Jul-2024 11:08:55.245 INFO [main] org.apache.catalina.startup.VersionLoggerListener.log Server built:          Jun 14 2024 14:45:13 UTC
26-Jul-2024 11:08:55.247 INFO [main] org.apache.catalina.startup.VersionLoggerListener.log Server version number: 9.0.90.0
26-Jul-2024 11:08:55.247 INFO [main] org.apache.catalina.startup.VersionLoggerListener.log OS Name:               Mac OS X
26-Jul-2024 11:08:55.247 INFO [main] org.apache.catalina.startup.VersionLoggerListener.log OS Version:            14.5
26-Jul-2024 11:08:55.247 INFO [main] org.apache.catalina.startup.VersionLoggerListener.log Architecture:          aarch64
26-Jul-2024 11:08:55.247 INFO [main] org.apache.catalina.startup.VersionLoggerListener.log Java Home:             /Users/vannhat/Library/Java/JavaVirtualMachines/corretto-21.0.3/Contents/Home
26-Jul-2024 11:08:55.248 INFO [main] org.apache.catalina.startup.VersionLoggerListener.log JVM Version:           21.0.3+9-LTS
26-Jul-2024 11:08:55.248 INFO [main] org.apache.catalina.startup.VersionLoggerListener.log JVM Vendor:            Amazon.com Inc.
26-Jul-2024 11:08:55.248 INFO [main] org.apache.catalina.startup.VersionLoggerListener.log CATALINA_BASE:         /Users/vannhat/Documents/Codevn_Jsp_Servlet/library/apache-tomcat-9.0.90
26-Jul-2024 11:08:55.248 INFO [main] org.apache.catalina.startup.VersionLoggerListener.log CATALINA_HOME:         /Users/vannhat/Documents/Codevn_Jsp_Servlet/library/apache-tomcat-9.0.90
26-Jul-2024 11:08:55.278 INFO [main] org.apache.catalina.startup.VersionLoggerListener.log Command line argument: --add-opens=java.base/java.lang=ALL-UNNAMED
26-Jul-2024 11:08:55.279 INFO [main] org.apache.catalina.startup.VersionLoggerListener.log Command line argument: --add-opens=java.base/java.io=ALL-UNNAMED
26-Jul-2024 11:08:55.279 INFO [main] org.apache.catalina.startup.VersionLoggerListener.log Command line argument: --add-opens=java.base/java.util=ALL-UNNAMED
26-Jul-2024 11:08:55.279 INFO [main] org.apache.catalina.startup.VersionLoggerListener.log Command line argument: --add-opens=java.base/java.util.concurrent=ALL-UNNAMED
26-Jul-2024 11:08:55.279 INFO [main] org.apache.catalina.startup.VersionLoggerListener.log Command line argument: --add-opens=java.rmi/sun.rmi.transport=ALL-UNNAMED
26-Jul-2024 11:08:55.279 INFO [main] org.apache.catalina.startup.VersionLoggerListener.log Command line argument: -Djava.util.logging.config.file=/Users/vannhat/Documents/Codevn_Jsp_Servlet/library/apache-tomcat-9.0.90/conf/logging.properties
26-Jul-2024 11:08:55.280 INFO [main] org.apache.catalina.startup.VersionLoggerListener.log Command line argument: -Djava.util.logging.manager=org.apache.juli.ClassLoaderLogManager
26-Jul-2024 11:08:55.280 INFO [main] org.apache.catalina.startup.VersionLoggerListener.log Command line argument: -Dhttp.nonProxyHosts=localhost|127.0.0.1|NHATs-MBP
26-Jul-2024 11:08:55.280 INFO [main] org.apache.catalina.startup.VersionLoggerListener.log Command line argument: -Djdk.tls.ephemeralDHKeySize=2048
26-Jul-2024 11:08:55.280 INFO [main] org.apache.catalina.startup.VersionLoggerListener.log Command line argument: -Djava.protocol.handler.pkgs=org.apache.catalina.webresources
26-Jul-2024 11:08:55.280 INFO [main] org.apache.catalina.startup.VersionLoggerListener.log Command line argument: -Dorg.apache.catalina.security.SecurityListener.UMASK=0027
26-Jul-2024 11:08:55.280 INFO [main] org.apache.catalina.startup.VersionLoggerListener.log Command line argument: -Dignore.endorsed.dirs=
26-Jul-2024 11:08:55.280 INFO [main] org.apache.catalina.startup.VersionLoggerListener.log Command line argument: -Dcatalina.base=/Users/vannhat/Documents/Codevn_Jsp_Servlet/library/apache-tomcat-9.0.90
26-Jul-2024 11:08:55.281 INFO [main] org.apache.catalina.startup.VersionLoggerListener.log Command line argument: -Dcatalina.home=/Users/vannhat/Documents/Codevn_Jsp_Servlet/library/apache-tomcat-9.0.90
26-Jul-2024 11:08:55.281 INFO [main] org.apache.catalina.startup.VersionLoggerListener.log Command line argument: -Djava.io.tmpdir=/Users/vannhat/Documents/Codevn_Jsp_Servlet/library/apache-tomcat-9.0.90/temp
26-Jul-2024 11:08:55.301 INFO [main] org.apache.catalina.core.AprLifecycleListener.lifecycleEvent The Apache Tomcat Native library which allows using OpenSSL was not found on the java.library.path: [/Users/vannhat/Library/Java/Extensions:/Library/Java/Extensions:/Network/Library/Java/Extensions:/System/Library/Java/Extensions:/usr/lib/java:.]
26-Jul-2024 11:08:55.669 INFO [main] org.apache.coyote.AbstractProtocol.init Initializing ProtocolHandler ["http-nio-8080"]
26-Jul-2024 11:08:55.695 INFO [main] org.apache.catalina.startup.Catalina.load Server initialization in [712] milliseconds
26-Jul-2024 11:08:55.726 INFO [main] org.apache.catalina.core.StandardService.startInternal Starting service [Catalina]
26-Jul-2024 11:08:55.726 INFO [main] org.apache.catalina.core.StandardEngine.startInternal Starting Servlet engine: [Apache Tomcat/9.0.90]
26-Jul-2024 11:08:55.731 INFO [main] org.apache.catalina.startup.HostConfig.deployDescriptor Deploying deployment descriptor [/Users/vannhat/Documents/Codevn_Jsp_Servlet/library/apache-tomcat-9.0.90/conf/Catalina/localhost/pe_prj_de123456.xml]
26-Jul-2024 11:08:55.742 WARNING [main] org.apache.catalina.startup.HostConfig.deployDescriptor The path attribute with value [/pe_prj_de123456] in deployment descriptor [/Users/vannhat/Documents/Codevn_Jsp_Servlet/library/apache-tomcat-9.0.90/conf/Catalina/localhost/pe_prj_de123456.xml] has been ignored
26-Jul-2024 11:08:56.289 INFO [main] org.apache.jasper.servlet.TldScanner.scanJars At least one JAR was scanned for TLDs yet contained no TLDs. Enable debug logging for this logger for a complete list of JARs that were scanned but no TLDs were found in them. Skipping unneeded JARs during scanning can improve startup time and JSP compilation time.
26-Jul-2024 11:08:56.353 INFO [main] org.apache.catalina.startup.HostConfig.deployDescriptor Deployment of deployment descriptor [/Users/vannhat/Documents/Codevn_Jsp_Servlet/library/apache-tomcat-9.0.90/conf/Catalina/localhost/pe_prj_de123456.xml] has finished in [621] ms
26-Jul-2024 11:08:56.353 INFO [main] org.apache.catalina.startup.HostConfig.deployDescriptor Deploying deployment descriptor [/Users/vannhat/Documents/Codevn_Jsp_Servlet/library/apache-tomcat-9.0.90/conf/Catalina/localhost/realgroup2.xml]
26-Jul-2024 11:08:56.354 WARNING [main] org.apache.catalina.startup.HostConfig.deployDescriptor The path attribute with value [/realgroup2] in deployment descriptor [/Users/vannhat/Documents/Codevn_Jsp_Servlet/library/apache-tomcat-9.0.90/conf/Catalina/localhost/realgroup2.xml] has been ignored
26-Jul-2024 11:08:57.208 INFO [main] org.apache.jasper.servlet.TldScanner.scanJars At least one JAR was scanned for TLDs yet contained no TLDs. Enable debug logging for this logger for a complete list of JARs that were scanned but no TLDs were found in them. Skipping unneeded JARs during scanning can improve startup time and JSP compilation time.
26-Jul-2024 11:08:57.215 INFO [main] org.apache.catalina.startup.HostConfig.deployDescriptor Deployment of deployment descriptor [/Users/vannhat/Documents/Codevn_Jsp_Servlet/library/apache-tomcat-9.0.90/conf/Catalina/localhost/realgroup2.xml] has finished in [862] ms
26-Jul-2024 11:08:57.215 INFO [main] org.apache.catalina.startup.HostConfig.deployDescriptor Deploying deployment descriptor [/Users/vannhat/Documents/Codevn_Jsp_Servlet/library/apache-tomcat-9.0.90/conf/Catalina/localhost/WebsiteThoiTrang.xml]
26-Jul-2024 11:08:57.216 WARNING [main] org.apache.catalina.startup.HostConfig.deployDescriptor The path attribute with value [/WebsiteThoiTrang] in deployment descriptor [/Users/vannhat/Documents/Codevn_Jsp_Servlet/library/apache-tomcat-9.0.90/conf/Catalina/localhost/WebsiteThoiTrang.xml] has been ignored
26-Jul-2024 11:08:59.557 INFO [main] org.apache.jasper.servlet.TldScanner.scanJars At least one JAR was scanned for TLDs yet contained no TLDs. Enable debug logging for this logger for a complete list of JARs that were scanned but no TLDs were found in them. Skipping unneeded JARs during scanning can improve startup time and JSP compilation time.
26-Jul-2024 11:08:59.563 INFO [main] org.apache.catalina.startup.HostConfig.deployDescriptor Deployment of deployment descriptor [/Users/vannhat/Documents/Codevn_Jsp_Servlet/library/apache-tomcat-9.0.90/conf/Catalina/localhost/WebsiteThoiTrang.xml] has finished in [2,347] ms
26-Jul-2024 11:08:59.563 INFO [main] org.apache.catalina.startup.HostConfig.deployDescriptor Deploying deployment descriptor [/Users/vannhat/Documents/Codevn_Jsp_Servlet/library/apache-tomcat-9.0.90/conf/Catalina/localhost/practice_exam.xml]
26-Jul-2024 11:08:59.564 WARNING [main] org.apache.catalina.startup.HostConfig.deployDescriptor The path attribute with value [/practice_exam] in deployment descriptor [/Users/vannhat/Documents/Codevn_Jsp_Servlet/library/apache-tomcat-9.0.90/conf/Catalina/localhost/practice_exam.xml] has been ignored
26-Jul-2024 11:08:59.566 SEVERE [main] org.apache.catalina.startup.HostConfig.deployDescriptor Error deploying deployment descriptor [/Users/vannhat/Documents/Codevn_Jsp_Servlet/library/apache-tomcat-9.0.90/conf/Catalina/localhost/practice_exam.xml]
	java.lang.IllegalStateException: Error starting child
		at org.apache.catalina.core.ContainerBase.addChildInternal(ContainerBase.java:602)
		at org.apache.catalina.core.ContainerBase.addChild(ContainerBase.java:571)
		at org.apache.catalina.core.StandardHost.addChild(StandardHost.java:603)
		at org.apache.catalina.startup.HostConfig.deployDescriptor(HostConfig.java:680)
		at org.apache.catalina.startup.HostConfig$DeployDescriptor.run(HostConfig.java:1844)
		at java.base/java.util.concurrent.Executors$RunnableAdapter.call(Executors.java:572)
		at java.base/java.util.concurrent.FutureTask.run(FutureTask.java:317)
		at org.apache.tomcat.util.threads.InlineExecutorService.execute(InlineExecutorService.java:75)
		at java.base/java.util.concurrent.AbstractExecutorService.submit(AbstractExecutorService.java:123)
		at org.apache.catalina.startup.HostConfig.deployDescriptors(HostConfig.java:575)
		at org.apache.catalina.startup.HostConfig.deployApps(HostConfig.java:466)
		at org.apache.catalina.startup.HostConfig.start(HostConfig.java:1584)
		at org.apache.catalina.startup.HostConfig.lifecycleEvent(HostConfig.java:312)
		at org.apache.catalina.util.LifecycleBase.fireLifecycleEvent(LifecycleBase.java:109)
		at org.apache.catalina.util.LifecycleBase.setStateInternal(LifecycleBase.java:385)
		at org.apache.catalina.util.LifecycleBase.setState(LifecycleBase.java:332)
		at org.apache.catalina.core.ContainerBase.startInternal(ContainerBase.java:776)
		at org.apache.catalina.core.StandardHost.startInternal(StandardHost.java:721)
		at org.apache.catalina.util.LifecycleBase.start(LifecycleBase.java:164)
		at org.apache.catalina.core.ContainerBase$StartChild.call(ContainerBase.java:1203)
		at org.apache.catalina.core.ContainerBase$StartChild.call(ContainerBase.java:1193)
		at java.base/java.util.concurrent.FutureTask.run(FutureTask.java:317)
		at org.apache.tomcat.util.threads.InlineExecutorService.execute(InlineExecutorService.java:75)
		at java.base/java.util.concurrent.AbstractExecutorService.submit(AbstractExecutorService.java:145)
		at org.apache.catalina.core.ContainerBase.startInternal(ContainerBase.java:749)
		at org.apache.catalina.core.StandardEngine.startInternal(StandardEngine.java:211)
		at org.apache.catalina.util.LifecycleBase.start(LifecycleBase.java:164)
		at org.apache.catalina.core.StandardService.startInternal(StandardService.java:415)
		at org.apache.catalina.util.LifecycleBase.start(LifecycleBase.java:164)
		at org.apache.catalina.core.StandardServer.startInternal(StandardServer.java:878)
		at org.apache.catalina.util.LifecycleBase.start(LifecycleBase.java:164)
		at org.apache.catalina.startup.Catalina.start(Catalina.java:735)
		at java.base/jdk.internal.reflect.DirectMethodHandleAccessor.invoke(DirectMethodHandleAccessor.java:103)
		at java.base/java.lang.reflect.Method.invoke(Method.java:580)
		at org.apache.catalina.startup.Bootstrap.start(Bootstrap.java:345)
		at org.apache.catalina.startup.Bootstrap.main(Bootstrap.java:473)
	Caused by: org.apache.catalina.LifecycleException: Failed to start component [org.apache.catalina.webresources.StandardRoot@53b4aa]
		at org.apache.catalina.util.LifecycleBase.handleSubClassException(LifecycleBase.java:402)
		at org.apache.catalina.util.LifecycleBase.start(LifecycleBase.java:179)
		at org.apache.catalina.core.StandardContext.resourcesStart(StandardContext.java:4120)
		at org.apache.catalina.core.StandardContext.startInternal(StandardContext.java:4242)
		at org.apache.catalina.util.LifecycleBase.start(LifecycleBase.java:164)
		at org.apache.catalina.core.ContainerBase.addChildInternal(ContainerBase.java:599)
		... 35 more
	Caused by: java.lang.IllegalArgumentException: The main resource set specified [/Users/vannhat/Documents/Codevn_Jsp_Servlet/practice_exam/build/web] is not a directory or war file, or is not readable (it does not exist or permissions to access it are missing)
		at org.apache.catalina.webresources.StandardRoot.createMainResourceSet(StandardRoot.java:749)
		at org.apache.catalina.webresources.StandardRoot.startInternal(StandardRoot.java:707)
		at org.apache.catalina.util.LifecycleBase.start(LifecycleBase.java:164)
		... 39 more
26-Jul-2024 11:08:59.567 INFO [main] org.apache.catalina.startup.HostConfig.deployDescriptor Deployment of deployment descriptor [/Users/vannhat/Documents/Codevn_Jsp_Servlet/library/apache-tomcat-9.0.90/conf/Catalina/localhost/practice_exam.xml] has finished in [4] ms
26-Jul-2024 11:08:59.567 INFO [main] org.apache.catalina.startup.HostConfig.deployDescriptor Deploying deployment descriptor [/Users/vannhat/Documents/Codevn_Jsp_Servlet/library/apache-tomcat-9.0.90/conf/Catalina/localhost/practical_exam.xml]
26-Jul-2024 11:08:59.568 WARNING [main] org.apache.catalina.startup.HostConfig.deployDescriptor The path attribute with value [/practical_exam] in deployment descriptor [/Users/vannhat/Documents/Codevn_Jsp_Servlet/library/apache-tomcat-9.0.90/conf/Catalina/localhost/practical_exam.xml] has been ignored
26-Jul-2024 11:08:59.571 SEVERE [main] org.apache.catalina.startup.HostConfig.deployDescriptor Error deploying deployment descriptor [/Users/vannhat/Documents/Codevn_Jsp_Servlet/library/apache-tomcat-9.0.90/conf/Catalina/localhost/practical_exam.xml]
	java.lang.IllegalStateException: Error starting child
		at org.apache.catalina.core.ContainerBase.addChildInternal(ContainerBase.java:602)
		at org.apache.catalina.core.ContainerBase.addChild(ContainerBase.java:571)
		at org.apache.catalina.core.StandardHost.addChild(StandardHost.java:603)
		at org.apache.catalina.startup.HostConfig.deployDescriptor(HostConfig.java:680)
		at org.apache.catalina.startup.HostConfig$DeployDescriptor.run(HostConfig.java:1844)
		at java.base/java.util.concurrent.Executors$RunnableAdapter.call(Executors.java:572)
		at java.base/java.util.concurrent.FutureTask.run(FutureTask.java:317)
		at org.apache.tomcat.util.threads.InlineExecutorService.execute(InlineExecutorService.java:75)
		at java.base/java.util.concurrent.AbstractExecutorService.submit(AbstractExecutorService.java:123)
		at org.apache.catalina.startup.HostConfig.deployDescriptors(HostConfig.java:575)
		at org.apache.catalina.startup.HostConfig.deployApps(HostConfig.java:466)
		at org.apache.catalina.startup.HostConfig.start(HostConfig.java:1584)
		at org.apache.catalina.startup.HostConfig.lifecycleEvent(HostConfig.java:312)
		at org.apache.catalina.util.LifecycleBase.fireLifecycleEvent(LifecycleBase.java:109)
		at org.apache.catalina.util.LifecycleBase.setStateInternal(LifecycleBase.java:385)
		at org.apache.catalina.util.LifecycleBase.setState(LifecycleBase.java:332)
		at org.apache.catalina.core.ContainerBase.startInternal(ContainerBase.java:776)
		at org.apache.catalina.core.StandardHost.startInternal(StandardHost.java:721)
		at org.apache.catalina.util.LifecycleBase.start(LifecycleBase.java:164)
		at org.apache.catalina.core.ContainerBase$StartChild.call(ContainerBase.java:1203)
		at org.apache.catalina.core.ContainerBase$StartChild.call(ContainerBase.java:1193)
		at java.base/java.util.concurrent.FutureTask.run(FutureTask.java:317)
		at org.apache.tomcat.util.threads.InlineExecutorService.execute(InlineExecutorService.java:75)
		at java.base/java.util.concurrent.AbstractExecutorService.submit(AbstractExecutorService.java:145)
		at org.apache.catalina.core.ContainerBase.startInternal(ContainerBase.java:749)
		at org.apache.catalina.core.StandardEngine.startInternal(StandardEngine.java:211)
		at org.apache.catalina.util.LifecycleBase.start(LifecycleBase.java:164)
		at org.apache.catalina.core.StandardService.startInternal(StandardService.java:415)
		at org.apache.catalina.util.LifecycleBase.start(LifecycleBase.java:164)
		at org.apache.catalina.core.StandardServer.startInternal(StandardServer.java:878)
		at org.apache.catalina.util.LifecycleBase.start(LifecycleBase.java:164)
		at org.apache.catalina.startup.Catalina.start(Catalina.java:735)
		at java.base/jdk.internal.reflect.DirectMethodHandleAccessor.invoke(DirectMethodHandleAccessor.java:103)
		at java.base/java.lang.reflect.Method.invoke(Method.java:580)
		at org.apache.catalina.startup.Bootstrap.start(Bootstrap.java:345)
		at org.apache.catalina.startup.Bootstrap.main(Bootstrap.java:473)
	Caused by: org.apache.catalina.LifecycleException: Failed to start component [org.apache.catalina.webresources.StandardRoot@aa09e8d]
		at org.apache.catalina.util.LifecycleBase.handleSubClassException(LifecycleBase.java:402)
		at org.apache.catalina.util.LifecycleBase.start(LifecycleBase.java:179)
		at org.apache.catalina.core.StandardContext.resourcesStart(StandardContext.java:4120)
		at org.apache.catalina.core.StandardContext.startInternal(StandardContext.java:4242)
		at org.apache.catalina.util.LifecycleBase.start(LifecycleBase.java:164)
		at org.apache.catalina.core.ContainerBase.addChildInternal(ContainerBase.java:599)
		... 35 more
	Caused by: java.lang.IllegalArgumentException: The main resource set specified [/Users/vannhat/Documents/Codevn_Jsp_Servlet/practical_exam/build/web] is not a directory or war file, or is not readable (it does not exist or permissions to access it are missing)
		at org.apache.catalina.webresources.StandardRoot.createMainResourceSet(StandardRoot.java:749)
		at org.apache.catalina.webresources.StandardRoot.startInternal(StandardRoot.java:707)
		at org.apache.catalina.util.LifecycleBase.start(LifecycleBase.java:164)
		... 39 more
26-Jul-2024 11:08:59.571 INFO [main] org.apache.catalina.startup.HostConfig.deployDescriptor Deployment of deployment descriptor [/Users/vannhat/Documents/Codevn_Jsp_Servlet/library/apache-tomcat-9.0.90/conf/Catalina/localhost/practical_exam.xml] has finished in [4] ms
26-Jul-2024 11:08:59.571 INFO [main] org.apache.catalina.startup.HostConfig.deployDescriptor Deploying deployment descriptor [/Users/vannhat/Documents/Codevn_Jsp_Servlet/library/apache-tomcat-9.0.90/conf/Catalina/localhost/demo_khanh.xml]
26-Jul-2024 11:08:59.572 WARNING [main] org.apache.catalina.startup.HostConfig.deployDescriptor The path attribute with value [/demo_khanh] in deployment descriptor [/Users/vannhat/Documents/Codevn_Jsp_Servlet/library/apache-tomcat-9.0.90/conf/Catalina/localhost/demo_khanh.xml] has been ignored
26-Jul-2024 11:08:59.701 INFO [main] org.apache.jasper.servlet.TldScanner.scanJars At least one JAR was scanned for TLDs yet contained no TLDs. Enable debug logging for this logger for a complete list of JARs that were scanned but no TLDs were found in them. Skipping unneeded JARs during scanning can improve startup time and JSP compilation time.
26-Jul-2024 11:08:59.707 INFO [main] org.apache.catalina.startup.HostConfig.deployDescriptor Deployment of deployment descriptor [/Users/vannhat/Documents/Codevn_Jsp_Servlet/library/apache-tomcat-9.0.90/conf/Catalina/localhost/demo_khanh.xml] has finished in [136] ms
26-Jul-2024 11:08:59.707 INFO [main] org.apache.catalina.startup.HostConfig.deployDirectory Deploying web application directory [/Users/vannhat/Documents/Codevn_Jsp_Servlet/library/apache-tomcat-9.0.90/webapps/docs]
26-Jul-2024 11:08:59.722 INFO [main] org.apache.catalina.startup.HostConfig.deployDirectory Deployment of web application directory [/Users/vannhat/Documents/Codevn_Jsp_Servlet/library/apache-tomcat-9.0.90/webapps/docs] has finished in [15] ms
26-Jul-2024 11:08:59.722 INFO [main] org.apache.catalina.startup.HostConfig.deployDirectory Deploying web application directory [/Users/vannhat/Documents/Codevn_Jsp_Servlet/library/apache-tomcat-9.0.90/webapps/manager]
26-Jul-2024 11:08:59.744 INFO [main] org.apache.catalina.startup.HostConfig.deployDirectory Deployment of web application directory [/Users/vannhat/Documents/Codevn_Jsp_Servlet/library/apache-tomcat-9.0.90/webapps/manager] has finished in [22] ms
26-Jul-2024 11:08:59.745 INFO [main] org.apache.catalina.startup.HostConfig.deployDirectory Deploying web application directory [/Users/vannhat/Documents/Codevn_Jsp_Servlet/library/apache-tomcat-9.0.90/webapps/examples]
26-Jul-2024 11:08:59.847 INFO [main] org.apache.catalina.startup.HostConfig.deployDirectory Deployment of web application directory [/Users/vannhat/Documents/Codevn_Jsp_Servlet/library/apache-tomcat-9.0.90/webapps/examples] has finished in [102] ms
26-Jul-2024 11:08:59.847 INFO [main] org.apache.catalina.startup.HostConfig.deployDirectory Deploying web application directory [/Users/vannhat/Documents/Codevn_Jsp_Servlet/library/apache-tomcat-9.0.90/webapps/ROOT]
26-Jul-2024 11:08:59.856 INFO [main] org.apache.catalina.startup.HostConfig.deployDirectory Deployment of web application directory [/Users/vannhat/Documents/Codevn_Jsp_Servlet/library/apache-tomcat-9.0.90/webapps/ROOT] has finished in [9] ms
26-Jul-2024 11:08:59.856 INFO [main] org.apache.catalina.startup.HostConfig.deployDirectory Deploying web application directory [/Users/vannhat/Documents/Codevn_Jsp_Servlet/library/apache-tomcat-9.0.90/webapps/host-manager]
26-Jul-2024 11:08:59.867 INFO [main] org.apache.catalina.startup.HostConfig.deployDirectory Deployment of web application directory [/Users/vannhat/Documents/Codevn_Jsp_Servlet/library/apache-tomcat-9.0.90/webapps/host-manager] has finished in [11] ms
26-Jul-2024 11:08:59.870 INFO [main] org.apache.coyote.AbstractProtocol.start Starting ProtocolHandler ["http-nio-8080"]
26-Jul-2024 11:08:59.880 INFO [main] org.apache.catalina.startup.Catalina.start Server startup in [4184] milliseconds
26-Jul-2024 11:09:01.762 INFO [http-nio-8080-exec-2] org.apache.catalina.startup.HostConfig.deployDescriptor Deploying deployment descriptor [/Users/vannhat/Documents/Codevn_Jsp_Servlet/library/apache-tomcat-9.0.90/conf/Catalina/localhost/vnpay_jsp.xml]
26-Jul-2024 11:09:01.763 WARNING [http-nio-8080-exec-2] org.apache.catalina.startup.HostConfig.deployDescriptor The path attribute with value [/vnpay_jsp] in deployment descriptor [/Users/vannhat/Documents/Codevn_Jsp_Servlet/library/apache-tomcat-9.0.90/conf/Catalina/localhost/vnpay_jsp.xml] has been ignored
26-Jul-2024 11:09:01.767 WARNING [http-nio-8080-exec-2] org.apache.tomcat.util.digester.SetPropertiesRule.begin Match [Context] failed to set property [antiJARLocking] to [true]
26-Jul-2024 11:09:02.439 INFO [http-nio-8080-exec-2] org.apache.jasper.servlet.TldScanner.scanJars At least one JAR was scanned for TLDs yet contained no TLDs. Enable debug logging for this logger for a complete list of JARs that were scanned but no TLDs were found in them. Skipping unneeded JARs during scanning can improve startup time and JSP compilation time.
26-Jul-2024 11:09:02.443 INFO [http-nio-8080-exec-2] org.apache.catalina.startup.HostConfig.deployDescriptor Deployment of deployment descriptor [/Users/vannhat/Documents/Codevn_Jsp_Servlet/library/apache-tomcat-9.0.90/conf/Catalina/localhost/vnpay_jsp.xml] has finished in [681] ms
26-Jul-2024 11:09:02.447 INFO [http-nio-8080-exec-3] org.apache.catalina.util.LifecycleBase.start The start() method was called on component [StandardEngine[Catalina].StandardHost[localhost].StandardContext[/vnpay_jsp]] after start() had already been called. The second call will be ignored.
26-Jul-2024 11:09:04.650 INFO [http-nio-8080-exec-4] org.apache.tomcat.util.http.parser.Cookie.logInvalidHeader A cookie header was received [g_state={"i_l":0};] that contained an invalid cookie. That cookie will be ignored.
 Note: further occurrences of this error will be logged at DEBUG level.
26-Jul-2024 11:09:25.047 INFO [main] org.apache.catalina.core.StandardServer.await A valid shutdown command was received via the shutdown port. Stopping the Server instance.
26-Jul-2024 11:09:25.048 INFO [main] org.apache.coyote.AbstractProtocol.pause Pausing ProtocolHandler ["http-nio-8080"]
26-Jul-2024 11:09:25.050 INFO [main] org.apache.catalina.core.StandardService.stopInternal Stopping service [Catalina]
26-Jul-2024 11:09:25.219 INFO [main] org.apache.catalina.core.StandardWrapper.unload Waiting for [1] instance(s) to be deallocated for Servlet [HomeControll]
26-Jul-2024 11:09:26.247 INFO [main] org.apache.catalina.core.StandardWrapper.unload Waiting for [1] instance(s) to be deallocated for Servlet [HomeControll]
26-Jul-2024 11:09:27.285 INFO [main] org.apache.catalina.core.StandardWrapper.unload Waiting for [1] instance(s) to be deallocated for Servlet [HomeControll]
26-Jul-2024 11:09:27.402 WARNING [main] org.apache.catalina.loader.WebappClassLoaderBase.clearReferencesJdbc The web application [vnpay_jsp] registered the JDBC driver [com.microsoft.sqlserver.jdbc.SQLServerDriver] but failed to unregister it when the web application was stopped. To prevent a memory leak, the JDBC Driver has been forcibly unregistered.
26-Jul-2024 11:09:27.403 WARNING [main] org.apache.catalina.loader.WebappClassLoaderBase.clearReferencesThreads The web application [vnpay_jsp] is still processing a request that has yet to finish. This is very likely to create a memory leak. You can control the time allowed for requests to finish by using the unloadDelay attribute of the standard Context implementation. Stack trace of request processing thread:[
 java.base/java.lang.Thread.sleep0(Native Method)
 java.base/java.lang.Thread.sleep(Thread.java:509)
 com.microsoft.sqlserver.jdbc.SQLServerConnection.login(SQLServerConnection.java:3287)
 com.microsoft.sqlserver.jdbc.SQLServerConnection.connectInternal(SQLServerConnection.java:3014)
 com.microsoft.sqlserver.jdbc.SQLServerConnection.connect(SQLServerConnection.java:1836)
 com.microsoft.sqlserver.jdbc.SQLServerDriver.connect(SQLServerDriver.java:1246)
 java.sql/java.sql.DriverManager.getConnection(DriverManager.java:683)
 java.sql/java.sql.DriverManager.getConnection(DriverManager.java:230)
 dao.DBManager.getConnection(DBManager.java:24)
 dao.ProductDAO.listProduct(ProductDAO.java:213)
 controller.HomeControll.processRequest(HomeControll.java:41)
 controller.HomeControll.doGet(HomeControll.java:77)
 javax.servlet.http.HttpServlet.service(HttpServlet.java:529)
 javax.servlet.http.HttpServlet.service(HttpServlet.java:623)
 org.apache.catalina.core.ApplicationFilterChain.internalDoFilter(ApplicationFilterChain.java:199)
 org.apache.catalina.core.ApplicationFilterChain.doFilter(ApplicationFilterChain.java:144)
 org.apache.tomcat.websocket.server.WsFilter.doFilter(WsFilter.java:51)
 org.apache.catalina.core.ApplicationFilterChain.internalDoFilter(ApplicationFilterChain.java:168)
 org.apache.catalina.core.ApplicationFilterChain.doFilter(ApplicationFilterChain.java:144)
 org.apache.catalina.core.StandardWrapperValve.invoke(StandardWrapperValve.java:168)
 org.apache.catalina.core.StandardContextValve.invoke(StandardContextValve.java:90)
 org.apache.catalina.authenticator.AuthenticatorBase.invoke(AuthenticatorBase.java:481)
 org.apache.catalina.core.StandardHostValve.invoke(StandardHostValve.java:130)
 org.apache.catalina.valves.ErrorReportValve.invoke(ErrorReportValve.java:93)
 org.apache.catalina.valves.AbstractAccessLogValve.invoke(AbstractAccessLogValve.java:660)
 org.apache.catalina.core.StandardEngineValve.invoke(StandardEngineValve.java:74)
 org.apache.catalina.connector.CoyoteAdapter.service(CoyoteAdapter.java:346)
 org.apache.coyote.http11.Http11Processor.service(Http11Processor.java:388)
 org.apache.coyote.AbstractProcessorLight.process(AbstractProcessorLight.java:63)
 org.apache.coyote.AbstractProtocol$ConnectionHandler.process(AbstractProtocol.java:936)
 org.apache.tomcat.util.net.NioEndpoint$SocketProcessor.doRun(NioEndpoint.java:1791)
 org.apache.tomcat.util.net.SocketProcessorBase.run(SocketProcessorBase.java:52)
 org.apache.tomcat.util.threads.ThreadPoolExecutor.runWorker(ThreadPoolExecutor.java:1190)
 org.apache.tomcat.util.threads.ThreadPoolExecutor$Worker.run(ThreadPoolExecutor.java:659)
 org.apache.tomcat.util.threads.TaskThread$WrappingRunnable.run(TaskThread.java:63)
 java.base/java.lang.Thread.run(Thread.java:1583)]
26-Jul-2024 11:09:27.403 WARNING [main] org.apache.catalina.loader.WebappClassLoaderBase.clearReferencesThreads The web application [vnpay_jsp] appears to have started a thread named [pool-1-thread-1] but has failed to stop it. This is very likely to create a memory leak. Stack trace of thread:
 java.base/jdk.internal.misc.Unsafe.park(Native Method)
 java.base/java.util.concurrent.locks.LockSupport.parkNanos(LockSupport.java:410)
 java.base/java.util.concurrent.LinkedTransferQueue$DualNode.await(LinkedTransferQueue.java:452)
 java.base/java.util.concurrent.SynchronousQueue$Transferer.xferLifo(SynchronousQueue.java:194)
 java.base/java.util.concurrent.SynchronousQueue.xfer(SynchronousQueue.java:233)
 java.base/java.util.concurrent.SynchronousQueue.poll(SynchronousQueue.java:336)
 java.base/java.util.concurrent.ThreadPoolExecutor.getTask(ThreadPoolExecutor.java:1069)
 java.base/java.util.concurrent.ThreadPoolExecutor.runWorker(ThreadPoolExecutor.java:1130)
 java.base/java.util.concurrent.ThreadPoolExecutor$Worker.run(ThreadPoolExecutor.java:642)
 java.base/java.lang.Thread.run(Thread.java:1583)
26-Jul-2024 11:09:27.403 WARNING [main] org.apache.catalina.loader.WebappClassLoaderBase.clearReferencesThreads The web application [vnpay_jsp] appears to have started a thread named [pool-1-thread-2] but has failed to stop it. This is very likely to create a memory leak. Stack trace of thread:
 java.base/jdk.internal.misc.Unsafe.park(Native Method)
 java.base/java.util.concurrent.locks.LockSupport.parkNanos(LockSupport.java:410)
 java.base/java.util.concurrent.LinkedTransferQueue$DualNode.await(LinkedTransferQueue.java:452)
 java.base/java.util.concurrent.SynchronousQueue$Transferer.xferLifo(SynchronousQueue.java:194)
 java.base/java.util.concurrent.SynchronousQueue.xfer(SynchronousQueue.java:233)
 java.base/java.util.concurrent.SynchronousQueue.poll(SynchronousQueue.java:336)
 java.base/java.util.concurrent.ThreadPoolExecutor.getTask(ThreadPoolExecutor.java:1069)
 java.base/java.util.concurrent.ThreadPoolExecutor.runWorker(ThreadPoolExecutor.java:1130)
 java.base/java.util.concurrent.ThreadPoolExecutor$Worker.run(ThreadPoolExecutor.java:642)
 java.base/java.lang.Thread.run(Thread.java:1583)
26-Jul-2024 11:09:27.414 INFO [main] org.apache.coyote.AbstractProtocol.stop Stopping ProtocolHandler ["http-nio-8080"]
26-Jul-2024 11:09:32.424 WARNING [main] org.apache.tomcat.util.net.AbstractEndpoint.shutdownExecutor The executor associated with thread pool [http-nio-8080] has not fully shutdown. Some application threads may still be running.
26-Jul-2024 11:09:32.434 INFO [main] org.apache.coyote.AbstractProtocol.destroy Destroying ProtocolHandler ["http-nio-8080"]
26-Jul-2024 11:09:39.932 INFO [http-nio-8080-exec-10] org.apache.catalina.loader.WebappClassLoaderBase.checkStateForResourceLoading Illegal access: this web application instance has been stopped already. Could not load [com.microsoft.sqlserver.jdbc.SQLServerError$TransientError]. The following stack trace is thrown for debugging purposes as well as to attempt to terminate the thread which caused the illegal access.
	java.lang.IllegalStateException: Illegal access: this web application instance has been stopped already. Could not load [com.microsoft.sqlserver.jdbc.SQLServerError$TransientError]. The following stack trace is thrown for debugging purposes as well as to attempt to terminate the thread which caused the illegal access.
		at org.apache.catalina.loader.WebappClassLoaderBase.checkStateForResourceLoading(WebappClassLoaderBase.java:1328)
		at org.apache.catalina.loader.WebappClassLoaderBase.checkStateForClassLoading(WebappClassLoaderBase.java:1316)
		at org.apache.catalina.loader.WebappClassLoaderBase.loadClass(WebappClassLoaderBase.java:1153)
		at org.apache.catalina.loader.WebappClassLoaderBase.loadClass(WebappClassLoaderBase.java:1120)
		at com.microsoft.sqlserver.jdbc.SQLServerConnection.connect(SQLServerConnection.java:1872)
		at com.microsoft.sqlserver.jdbc.SQLServerDriver.connect(SQLServerDriver.java:1246)
		at java.sql/java.sql.DriverManager.getConnection(DriverManager.java:683)
		at java.sql/java.sql.DriverManager.getConnection(DriverManager.java:230)
		at dao.DBManager.getConnection(DBManager.java:24)
		at dao.ProductDAO.listProduct(ProductDAO.java:213)
		at controller.HomeControll.processRequest(HomeControll.java:41)
		at controller.HomeControll.doGet(HomeControll.java:77)
		at javax.servlet.http.HttpServlet.service(HttpServlet.java:529)
		at javax.servlet.http.HttpServlet.service(HttpServlet.java:623)
		at org.apache.catalina.core.ApplicationFilterChain.internalDoFilter(ApplicationFilterChain.java:199)
		at org.apache.catalina.core.ApplicationFilterChain.doFilter(ApplicationFilterChain.java:144)
		at org.apache.tomcat.websocket.server.WsFilter.doFilter(WsFilter.java:51)
		at org.apache.catalina.core.ApplicationFilterChain.internalDoFilter(ApplicationFilterChain.java:168)
		at org.apache.catalina.core.ApplicationFilterChain.doFilter(ApplicationFilterChain.java:144)
		at org.apache.catalina.core.StandardWrapperValve.invoke(StandardWrapperValve.java:168)
		at org.apache.catalina.core.StandardContextValve.invoke(StandardContextValve.java:90)
		at org.apache.catalina.authenticator.AuthenticatorBase.invoke(AuthenticatorBase.java:481)
		at org.apache.catalina.core.StandardHostValve.invoke(StandardHostValve.java:130)
		at org.apache.catalina.valves.ErrorReportValve.invoke(ErrorReportValve.java:93)
		at org.apache.catalina.valves.AbstractAccessLogValve.invoke(AbstractAccessLogValve.java:660)
		at org.apache.catalina.core.StandardEngineValve.invoke(StandardEngineValve.java:74)
		at org.apache.catalina.connector.CoyoteAdapter.service(CoyoteAdapter.java:346)
		at org.apache.coyote.http11.Http11Processor.service(Http11Processor.java:388)
		at org.apache.coyote.AbstractProcessorLight.process(AbstractProcessorLight.java:63)
		at org.apache.coyote.AbstractProtocol$ConnectionHandler.process(AbstractProtocol.java:936)
		at org.apache.tomcat.util.net.NioEndpoint$SocketProcessor.doRun(NioEndpoint.java:1791)
		at org.apache.tomcat.util.net.SocketProcessorBase.run(SocketProcessorBase.java:52)
		at org.apache.tomcat.util.threads.ThreadPoolExecutor.runWorker(ThreadPoolExecutor.java:1190)
		at org.apache.tomcat.util.threads.ThreadPoolExecutor$Worker.run(ThreadPoolExecutor.java:659)
		at org.apache.tomcat.util.threads.TaskThread$WrappingRunnable.run(TaskThread.java:63)
		at java.base/java.lang.Thread.run(Thread.java:1583)
26-Jul-2024 11:14:57.442 INFO [main] org.apache.catalina.startup.VersionLoggerListener.log Server version name:   Apache Tomcat/9.0.90
26-Jul-2024 11:14:57.445 INFO [main] org.apache.catalina.startup.VersionLoggerListener.log Server built:          Jun 14 2024 14:45:13 UTC
26-Jul-2024 11:14:57.446 INFO [main] org.apache.catalina.startup.VersionLoggerListener.log Server version number: 9.0.90.0
26-Jul-2024 11:14:57.446 INFO [main] org.apache.catalina.startup.VersionLoggerListener.log OS Name:               Mac OS X
26-Jul-2024 11:14:57.446 INFO [main] org.apache.catalina.startup.VersionLoggerListener.log OS Version:            14.5
26-Jul-2024 11:14:57.446 INFO [main] org.apache.catalina.startup.VersionLoggerListener.log Architecture:          aarch64
26-Jul-2024 11:14:57.446 INFO [main] org.apache.catalina.startup.VersionLoggerListener.log Java Home:             /Users/vannhat/Library/Java/JavaVirtualMachines/corretto-21.0.3/Contents/Home
26-Jul-2024 11:14:57.446 INFO [main] org.apache.catalina.startup.VersionLoggerListener.log JVM Version:           21.0.3+9-LTS
26-Jul-2024 11:14:57.446 INFO [main] org.apache.catalina.startup.VersionLoggerListener.log JVM Vendor:            Amazon.com Inc.
26-Jul-2024 11:14:57.446 INFO [main] org.apache.catalina.startup.VersionLoggerListener.log CATALINA_BASE:         /Users/vannhat/Documents/Codevn_Jsp_Servlet/library/apache-tomcat-9.0.90
26-Jul-2024 11:14:57.446 INFO [main] org.apache.catalina.startup.VersionLoggerListener.log CATALINA_HOME:         /Users/vannhat/Documents/Codevn_Jsp_Servlet/library/apache-tomcat-9.0.90
26-Jul-2024 11:14:57.459 INFO [main] org.apache.catalina.startup.VersionLoggerListener.log Command line argument: --add-opens=java.base/java.lang=ALL-UNNAMED
26-Jul-2024 11:14:57.459 INFO [main] org.apache.catalina.startup.VersionLoggerListener.log Command line argument: --add-opens=java.base/java.io=ALL-UNNAMED
26-Jul-2024 11:14:57.459 INFO [main] org.apache.catalina.startup.VersionLoggerListener.log Command line argument: --add-opens=java.base/java.util=ALL-UNNAMED
26-Jul-2024 11:14:57.459 INFO [main] org.apache.catalina.startup.VersionLoggerListener.log Command line argument: --add-opens=java.base/java.util.concurrent=ALL-UNNAMED
26-Jul-2024 11:14:57.459 INFO [main] org.apache.catalina.startup.VersionLoggerListener.log Command line argument: --add-opens=java.rmi/sun.rmi.transport=ALL-UNNAMED
26-Jul-2024 11:14:57.459 INFO [main] org.apache.catalina.startup.VersionLoggerListener.log Command line argument: -Djava.util.logging.config.file=/Users/vannhat/Documents/Codevn_Jsp_Servlet/library/apache-tomcat-9.0.90/conf/logging.properties
26-Jul-2024 11:14:57.459 INFO [main] org.apache.catalina.startup.VersionLoggerListener.log Command line argument: -Djava.util.logging.manager=org.apache.juli.ClassLoaderLogManager
26-Jul-2024 11:14:57.459 INFO [main] org.apache.catalina.startup.VersionLoggerListener.log Command line argument: -Dhttp.nonProxyHosts=localhost|127.0.0.1|NHATs-MBP
26-Jul-2024 11:14:57.460 INFO [main] org.apache.catalina.startup.VersionLoggerListener.log Command line argument: -Djdk.tls.ephemeralDHKeySize=2048
26-Jul-2024 11:14:57.460 INFO [main] org.apache.catalina.startup.VersionLoggerListener.log Command line argument: -Djava.protocol.handler.pkgs=org.apache.catalina.webresources
26-Jul-2024 11:14:57.460 INFO [main] org.apache.catalina.startup.VersionLoggerListener.log Command line argument: -Dorg.apache.catalina.security.SecurityListener.UMASK=0027
26-Jul-2024 11:14:57.460 INFO [main] org.apache.catalina.startup.VersionLoggerListener.log Command line argument: -Dignore.endorsed.dirs=
26-Jul-2024 11:14:57.460 INFO [main] org.apache.catalina.startup.VersionLoggerListener.log Command line argument: -Dcatalina.base=/Users/vannhat/Documents/Codevn_Jsp_Servlet/library/apache-tomcat-9.0.90
26-Jul-2024 11:14:57.460 INFO [main] org.apache.catalina.startup.VersionLoggerListener.log Command line argument: -Dcatalina.home=/Users/vannhat/Documents/Codevn_Jsp_Servlet/library/apache-tomcat-9.0.90
26-Jul-2024 11:14:57.460 INFO [main] org.apache.catalina.startup.VersionLoggerListener.log Command line argument: -Djava.io.tmpdir=/Users/vannhat/Documents/Codevn_Jsp_Servlet/library/apache-tomcat-9.0.90/temp
26-Jul-2024 11:14:57.468 INFO [main] org.apache.catalina.core.AprLifecycleListener.lifecycleEvent The Apache Tomcat Native library which allows using OpenSSL was not found on the java.library.path: [/Users/vannhat/Library/Java/Extensions:/Library/Java/Extensions:/Network/Library/Java/Extensions:/System/Library/Java/Extensions:/usr/lib/java:.]
26-Jul-2024 11:14:57.762 INFO [main] org.apache.coyote.AbstractProtocol.init Initializing ProtocolHandler ["http-nio-8080"]
26-Jul-2024 11:14:57.787 INFO [main] org.apache.catalina.startup.Catalina.load Server initialization in [571] milliseconds
26-Jul-2024 11:14:57.832 INFO [main] org.apache.catalina.core.StandardService.startInternal Starting service [Catalina]
26-Jul-2024 11:14:57.832 INFO [main] org.apache.catalina.core.StandardEngine.startInternal Starting Servlet engine: [Apache Tomcat/9.0.90]
26-Jul-2024 11:14:57.843 INFO [main] org.apache.catalina.startup.HostConfig.deployDescriptor Deploying deployment descriptor [/Users/vannhat/Documents/Codevn_Jsp_Servlet/library/apache-tomcat-9.0.90/conf/Catalina/localhost/pe_prj_de123456.xml]
26-Jul-2024 11:14:57.862 WARNING [main] org.apache.catalina.startup.HostConfig.deployDescriptor The path attribute with value [/pe_prj_de123456] in deployment descriptor [/Users/vannhat/Documents/Codevn_Jsp_Servlet/library/apache-tomcat-9.0.90/conf/Catalina/localhost/pe_prj_de123456.xml] has been ignored
26-Jul-2024 11:14:58.391 INFO [main] org.apache.jasper.servlet.TldScanner.scanJars At least one JAR was scanned for TLDs yet contained no TLDs. Enable debug logging for this logger for a complete list of JARs that were scanned but no TLDs were found in them. Skipping unneeded JARs during scanning can improve startup time and JSP compilation time.
26-Jul-2024 11:14:58.431 INFO [main] org.apache.catalina.startup.HostConfig.deployDescriptor Deployment of deployment descriptor [/Users/vannhat/Documents/Codevn_Jsp_Servlet/library/apache-tomcat-9.0.90/conf/Catalina/localhost/pe_prj_de123456.xml] has finished in [587] ms
26-Jul-2024 11:14:58.431 INFO [main] org.apache.catalina.startup.HostConfig.deployDescriptor Deploying deployment descriptor [/Users/vannhat/Documents/Codevn_Jsp_Servlet/library/apache-tomcat-9.0.90/conf/Catalina/localhost/realgroup2.xml]
26-Jul-2024 11:14:58.432 WARNING [main] org.apache.catalina.startup.HostConfig.deployDescriptor The path attribute with value [/realgroup2] in deployment descriptor [/Users/vannhat/Documents/Codevn_Jsp_Servlet/library/apache-tomcat-9.0.90/conf/Catalina/localhost/realgroup2.xml] has been ignored
26-Jul-2024 11:14:59.043 INFO [main] org.apache.jasper.servlet.TldScanner.scanJars At least one JAR was scanned for TLDs yet contained no TLDs. Enable debug logging for this logger for a complete list of JARs that were scanned but no TLDs were found in them. Skipping unneeded JARs during scanning can improve startup time and JSP compilation time.
26-Jul-2024 11:14:59.054 INFO [main] org.apache.catalina.startup.HostConfig.deployDescriptor Deployment of deployment descriptor [/Users/vannhat/Documents/Codevn_Jsp_Servlet/library/apache-tomcat-9.0.90/conf/Catalina/localhost/realgroup2.xml] has finished in [622] ms
26-Jul-2024 11:14:59.054 INFO [main] org.apache.catalina.startup.HostConfig.deployDescriptor Deploying deployment descriptor [/Users/vannhat/Documents/Codevn_Jsp_Servlet/library/apache-tomcat-9.0.90/conf/Catalina/localhost/WebsiteThoiTrang.xml]
26-Jul-2024 11:14:59.055 WARNING [main] org.apache.catalina.startup.HostConfig.deployDescriptor The path attribute with value [/WebsiteThoiTrang] in deployment descriptor [/Users/vannhat/Documents/Codevn_Jsp_Servlet/library/apache-tomcat-9.0.90/conf/Catalina/localhost/WebsiteThoiTrang.xml] has been ignored
26-Jul-2024 11:15:01.095 INFO [main] org.apache.jasper.servlet.TldScanner.scanJars At least one JAR was scanned for TLDs yet contained no TLDs. Enable debug logging for this logger for a complete list of JARs that were scanned but no TLDs were found in them. Skipping unneeded JARs during scanning can improve startup time and JSP compilation time.
26-Jul-2024 11:15:01.100 INFO [main] org.apache.catalina.startup.HostConfig.deployDescriptor Deployment of deployment descriptor [/Users/vannhat/Documents/Codevn_Jsp_Servlet/library/apache-tomcat-9.0.90/conf/Catalina/localhost/WebsiteThoiTrang.xml] has finished in [2,046] ms
26-Jul-2024 11:15:01.100 INFO [main] org.apache.catalina.startup.HostConfig.deployDescriptor Deploying deployment descriptor [/Users/vannhat/Documents/Codevn_Jsp_Servlet/library/apache-tomcat-9.0.90/conf/Catalina/localhost/vnpay_jsp.xml]
26-Jul-2024 11:15:01.101 WARNING [main] org.apache.catalina.startup.HostConfig.deployDescriptor The path attribute with value [/vnpay_jsp] in deployment descriptor [/Users/vannhat/Documents/Codevn_Jsp_Servlet/library/apache-tomcat-9.0.90/conf/Catalina/localhost/vnpay_jsp.xml] has been ignored
26-Jul-2024 11:15:01.103 WARNING [main] org.apache.tomcat.util.digester.SetPropertiesRule.begin Match [Context] failed to set property [antiJARLocking] to [true]
26-Jul-2024 11:15:01.798 INFO [main] org.apache.jasper.servlet.TldScanner.scanJars At least one JAR was scanned for TLDs yet contained no TLDs. Enable debug logging for this logger for a complete list of JARs that were scanned but no TLDs were found in them. Skipping unneeded JARs during scanning can improve startup time and JSP compilation time.
26-Jul-2024 11:15:01.807 INFO [main] org.apache.catalina.startup.HostConfig.deployDescriptor Deployment of deployment descriptor [/Users/vannhat/Documents/Codevn_Jsp_Servlet/library/apache-tomcat-9.0.90/conf/Catalina/localhost/vnpay_jsp.xml] has finished in [707] ms
26-Jul-2024 11:15:01.807 INFO [main] org.apache.catalina.startup.HostConfig.deployDescriptor Deploying deployment descriptor [/Users/vannhat/Documents/Codevn_Jsp_Servlet/library/apache-tomcat-9.0.90/conf/Catalina/localhost/practice_exam.xml]
26-Jul-2024 11:15:01.809 WARNING [main] org.apache.catalina.startup.HostConfig.deployDescriptor The path attribute with value [/practice_exam] in deployment descriptor [/Users/vannhat/Documents/Codevn_Jsp_Servlet/library/apache-tomcat-9.0.90/conf/Catalina/localhost/practice_exam.xml] has been ignored
26-Jul-2024 11:15:01.813 SEVERE [main] org.apache.catalina.startup.HostConfig.deployDescriptor Error deploying deployment descriptor [/Users/vannhat/Documents/Codevn_Jsp_Servlet/library/apache-tomcat-9.0.90/conf/Catalina/localhost/practice_exam.xml]
	java.lang.IllegalStateException: Error starting child
		at org.apache.catalina.core.ContainerBase.addChildInternal(ContainerBase.java:602)
		at org.apache.catalina.core.ContainerBase.addChild(ContainerBase.java:571)
		at org.apache.catalina.core.StandardHost.addChild(StandardHost.java:603)
		at org.apache.catalina.startup.HostConfig.deployDescriptor(HostConfig.java:680)
		at org.apache.catalina.startup.HostConfig$DeployDescriptor.run(HostConfig.java:1844)
		at java.base/java.util.concurrent.Executors$RunnableAdapter.call(Executors.java:572)
		at java.base/java.util.concurrent.FutureTask.run(FutureTask.java:317)
		at org.apache.tomcat.util.threads.InlineExecutorService.execute(InlineExecutorService.java:75)
		at java.base/java.util.concurrent.AbstractExecutorService.submit(AbstractExecutorService.java:123)
		at org.apache.catalina.startup.HostConfig.deployDescriptors(HostConfig.java:575)
		at org.apache.catalina.startup.HostConfig.deployApps(HostConfig.java:466)
		at org.apache.catalina.startup.HostConfig.start(HostConfig.java:1584)
		at org.apache.catalina.startup.HostConfig.lifecycleEvent(HostConfig.java:312)
		at org.apache.catalina.util.LifecycleBase.fireLifecycleEvent(LifecycleBase.java:109)
		at org.apache.catalina.util.LifecycleBase.setStateInternal(LifecycleBase.java:385)
		at org.apache.catalina.util.LifecycleBase.setState(LifecycleBase.java:332)
		at org.apache.catalina.core.ContainerBase.startInternal(ContainerBase.java:776)
		at org.apache.catalina.core.StandardHost.startInternal(StandardHost.java:721)
		at org.apache.catalina.util.LifecycleBase.start(LifecycleBase.java:164)
		at org.apache.catalina.core.ContainerBase$StartChild.call(ContainerBase.java:1203)
		at org.apache.catalina.core.ContainerBase$StartChild.call(ContainerBase.java:1193)
		at java.base/java.util.concurrent.FutureTask.run(FutureTask.java:317)
		at org.apache.tomcat.util.threads.InlineExecutorService.execute(InlineExecutorService.java:75)
		at java.base/java.util.concurrent.AbstractExecutorService.submit(AbstractExecutorService.java:145)
		at org.apache.catalina.core.ContainerBase.startInternal(ContainerBase.java:749)
		at org.apache.catalina.core.StandardEngine.startInternal(StandardEngine.java:211)
		at org.apache.catalina.util.LifecycleBase.start(LifecycleBase.java:164)
		at org.apache.catalina.core.StandardService.startInternal(StandardService.java:415)
		at org.apache.catalina.util.LifecycleBase.start(LifecycleBase.java:164)
		at org.apache.catalina.core.StandardServer.startInternal(StandardServer.java:878)
		at org.apache.catalina.util.LifecycleBase.start(LifecycleBase.java:164)
		at org.apache.catalina.startup.Catalina.start(Catalina.java:735)
		at java.base/jdk.internal.reflect.DirectMethodHandleAccessor.invoke(DirectMethodHandleAccessor.java:103)
		at java.base/java.lang.reflect.Method.invoke(Method.java:580)
		at org.apache.catalina.startup.Bootstrap.start(Bootstrap.java:345)
		at org.apache.catalina.startup.Bootstrap.main(Bootstrap.java:473)
	Caused by: org.apache.catalina.LifecycleException: Failed to start component [org.apache.catalina.webresources.StandardRoot@7018c412]
		at org.apache.catalina.util.LifecycleBase.handleSubClassException(LifecycleBase.java:402)
		at org.apache.catalina.util.LifecycleBase.start(LifecycleBase.java:179)
		at org.apache.catalina.core.StandardContext.resourcesStart(StandardContext.java:4120)
		at org.apache.catalina.core.StandardContext.startInternal(StandardContext.java:4242)
		at org.apache.catalina.util.LifecycleBase.start(LifecycleBase.java:164)
		at org.apache.catalina.core.ContainerBase.addChildInternal(ContainerBase.java:599)
		... 35 more
	Caused by: java.lang.IllegalArgumentException: The main resource set specified [/Users/vannhat/Documents/Codevn_Jsp_Servlet/practice_exam/build/web] is not a directory or war file, or is not readable (it does not exist or permissions to access it are missing)
		at org.apache.catalina.webresources.StandardRoot.createMainResourceSet(StandardRoot.java:749)
		at org.apache.catalina.webresources.StandardRoot.startInternal(StandardRoot.java:707)
		at org.apache.catalina.util.LifecycleBase.start(LifecycleBase.java:164)
		... 39 more
26-Jul-2024 11:15:01.815 INFO [main] org.apache.catalina.startup.HostConfig.deployDescriptor Deployment of deployment descriptor [/Users/vannhat/Documents/Codevn_Jsp_Servlet/library/apache-tomcat-9.0.90/conf/Catalina/localhost/practice_exam.xml] has finished in [8] ms
26-Jul-2024 11:15:01.815 INFO [main] org.apache.catalina.startup.HostConfig.deployDescriptor Deploying deployment descriptor [/Users/vannhat/Documents/Codevn_Jsp_Servlet/library/apache-tomcat-9.0.90/conf/Catalina/localhost/practical_exam.xml]
26-Jul-2024 11:15:01.816 WARNING [main] org.apache.catalina.startup.HostConfig.deployDescriptor The path attribute with value [/practical_exam] in deployment descriptor [/Users/vannhat/Documents/Codevn_Jsp_Servlet/library/apache-tomcat-9.0.90/conf/Catalina/localhost/practical_exam.xml] has been ignored
26-Jul-2024 11:15:01.826 SEVERE [main] org.apache.catalina.startup.HostConfig.deployDescriptor Error deploying deployment descriptor [/Users/vannhat/Documents/Codevn_Jsp_Servlet/library/apache-tomcat-9.0.90/conf/Catalina/localhost/practical_exam.xml]
	java.lang.IllegalStateException: Error starting child
		at org.apache.catalina.core.ContainerBase.addChildInternal(ContainerBase.java:602)
		at org.apache.catalina.core.ContainerBase.addChild(ContainerBase.java:571)
		at org.apache.catalina.core.StandardHost.addChild(StandardHost.java:603)
		at org.apache.catalina.startup.HostConfig.deployDescriptor(HostConfig.java:680)
		at org.apache.catalina.startup.HostConfig$DeployDescriptor.run(HostConfig.java:1844)
		at java.base/java.util.concurrent.Executors$RunnableAdapter.call(Executors.java:572)
		at java.base/java.util.concurrent.FutureTask.run(FutureTask.java:317)
		at org.apache.tomcat.util.threads.InlineExecutorService.execute(InlineExecutorService.java:75)
		at java.base/java.util.concurrent.AbstractExecutorService.submit(AbstractExecutorService.java:123)
		at org.apache.catalina.startup.HostConfig.deployDescriptors(HostConfig.java:575)
		at org.apache.catalina.startup.HostConfig.deployApps(HostConfig.java:466)
		at org.apache.catalina.startup.HostConfig.start(HostConfig.java:1584)
		at org.apache.catalina.startup.HostConfig.lifecycleEvent(HostConfig.java:312)
		at org.apache.catalina.util.LifecycleBase.fireLifecycleEvent(LifecycleBase.java:109)
		at org.apache.catalina.util.LifecycleBase.setStateInternal(LifecycleBase.java:385)
		at org.apache.catalina.util.LifecycleBase.setState(LifecycleBase.java:332)
		at org.apache.catalina.core.ContainerBase.startInternal(ContainerBase.java:776)
		at org.apache.catalina.core.StandardHost.startInternal(StandardHost.java:721)
		at org.apache.catalina.util.LifecycleBase.start(LifecycleBase.java:164)
		at org.apache.catalina.core.ContainerBase$StartChild.call(ContainerBase.java:1203)
		at org.apache.catalina.core.ContainerBase$StartChild.call(ContainerBase.java:1193)
		at java.base/java.util.concurrent.FutureTask.run(FutureTask.java:317)
		at org.apache.tomcat.util.threads.InlineExecutorService.execute(InlineExecutorService.java:75)
		at java.base/java.util.concurrent.AbstractExecutorService.submit(AbstractExecutorService.java:145)
		at org.apache.catalina.core.ContainerBase.startInternal(ContainerBase.java:749)
		at org.apache.catalina.core.StandardEngine.startInternal(StandardEngine.java:211)
		at org.apache.catalina.util.LifecycleBase.start(LifecycleBase.java:164)
		at org.apache.catalina.core.StandardService.startInternal(StandardService.java:415)
		at org.apache.catalina.util.LifecycleBase.start(LifecycleBase.java:164)
		at org.apache.catalina.core.StandardServer.startInternal(StandardServer.java:878)
		at org.apache.catalina.util.LifecycleBase.start(LifecycleBase.java:164)
		at org.apache.catalina.startup.Catalina.start(Catalina.java:735)
		at java.base/jdk.internal.reflect.DirectMethodHandleAccessor.invoke(DirectMethodHandleAccessor.java:103)
		at java.base/java.lang.reflect.Method.invoke(Method.java:580)
		at org.apache.catalina.startup.Bootstrap.start(Bootstrap.java:345)
		at org.apache.catalina.startup.Bootstrap.main(Bootstrap.java:473)
	Caused by: org.apache.catalina.LifecycleException: Failed to start component [org.apache.catalina.webresources.StandardRoot@1ac0bd0b]
		at org.apache.catalina.util.LifecycleBase.handleSubClassException(LifecycleBase.java:402)
		at org.apache.catalina.util.LifecycleBase.start(LifecycleBase.java:179)
		at org.apache.catalina.core.StandardContext.resourcesStart(StandardContext.java:4120)
		at org.apache.catalina.core.StandardContext.startInternal(StandardContext.java:4242)
		at org.apache.catalina.util.LifecycleBase.start(LifecycleBase.java:164)
		at org.apache.catalina.core.ContainerBase.addChildInternal(ContainerBase.java:599)
		... 35 more
	Caused by: java.lang.IllegalArgumentException: The main resource set specified [/Users/vannhat/Documents/Codevn_Jsp_Servlet/practical_exam/build/web] is not a directory or war file, or is not readable (it does not exist or permissions to access it are missing)
		at org.apache.catalina.webresources.StandardRoot.createMainResourceSet(StandardRoot.java:749)
		at org.apache.catalina.webresources.StandardRoot.startInternal(StandardRoot.java:707)
		at org.apache.catalina.util.LifecycleBase.start(LifecycleBase.java:164)
		... 39 more
26-Jul-2024 11:15:01.829 INFO [main] org.apache.catalina.startup.HostConfig.deployDescriptor Deployment of deployment descriptor [/Users/vannhat/Documents/Codevn_Jsp_Servlet/library/apache-tomcat-9.0.90/conf/Catalina/localhost/practical_exam.xml] has finished in [13] ms
26-Jul-2024 11:15:01.829 INFO [main] org.apache.catalina.startup.HostConfig.deployDescriptor Deploying deployment descriptor [/Users/vannhat/Documents/Codevn_Jsp_Servlet/library/apache-tomcat-9.0.90/conf/Catalina/localhost/demo_khanh.xml]
26-Jul-2024 11:15:01.831 WARNING [main] org.apache.catalina.startup.HostConfig.deployDescriptor The path attribute with value [/demo_khanh] in deployment descriptor [/Users/vannhat/Documents/Codevn_Jsp_Servlet/library/apache-tomcat-9.0.90/conf/Catalina/localhost/demo_khanh.xml] has been ignored
26-Jul-2024 11:15:02.215 INFO [main] org.apache.jasper.servlet.TldScanner.scanJars At least one JAR was scanned for TLDs yet contained no TLDs. Enable debug logging for this logger for a complete list of JARs that were scanned but no TLDs were found in them. Skipping unneeded JARs during scanning can improve startup time and JSP compilation time.
26-Jul-2024 11:15:02.229 INFO [main] org.apache.catalina.startup.HostConfig.deployDescriptor Deployment of deployment descriptor [/Users/vannhat/Documents/Codevn_Jsp_Servlet/library/apache-tomcat-9.0.90/conf/Catalina/localhost/demo_khanh.xml] has finished in [400] ms
26-Jul-2024 11:15:02.230 INFO [main] org.apache.catalina.startup.HostConfig.deployDirectory Deploying web application directory [/Users/vannhat/Documents/Codevn_Jsp_Servlet/library/apache-tomcat-9.0.90/webapps/docs]
26-Jul-2024 11:15:02.256 INFO [main] org.apache.catalina.startup.HostConfig.deployDirectory Deployment of web application directory [/Users/vannhat/Documents/Codevn_Jsp_Servlet/library/apache-tomcat-9.0.90/webapps/docs] has finished in [25] ms
26-Jul-2024 11:15:02.256 INFO [main] org.apache.catalina.startup.HostConfig.deployDirectory Deploying web application directory [/Users/vannhat/Documents/Codevn_Jsp_Servlet/library/apache-tomcat-9.0.90/webapps/manager]
26-Jul-2024 11:15:02.322 INFO [main] org.apache.catalina.startup.HostConfig.deployDirectory Deployment of web application directory [/Users/vannhat/Documents/Codevn_Jsp_Servlet/library/apache-tomcat-9.0.90/webapps/manager] has finished in [66] ms
26-Jul-2024 11:15:02.323 INFO [main] org.apache.catalina.startup.HostConfig.deployDirectory Deploying web application directory [/Users/vannhat/Documents/Codevn_Jsp_Servlet/library/apache-tomcat-9.0.90/webapps/examples]
26-Jul-2024 11:15:02.524 INFO [main] org.apache.catalina.startup.HostConfig.deployDirectory Deployment of web application directory [/Users/vannhat/Documents/Codevn_Jsp_Servlet/library/apache-tomcat-9.0.90/webapps/examples] has finished in [201] ms
26-Jul-2024 11:15:02.524 INFO [main] org.apache.catalina.startup.HostConfig.deployDirectory Deploying web application directory [/Users/vannhat/Documents/Codevn_Jsp_Servlet/library/apache-tomcat-9.0.90/webapps/ROOT]
26-Jul-2024 11:15:02.539 INFO [main] org.apache.catalina.startup.HostConfig.deployDirectory Deployment of web application directory [/Users/vannhat/Documents/Codevn_Jsp_Servlet/library/apache-tomcat-9.0.90/webapps/ROOT] has finished in [15] ms
26-Jul-2024 11:15:02.540 INFO [main] org.apache.catalina.startup.HostConfig.deployDirectory Deploying web application directory [/Users/vannhat/Documents/Codevn_Jsp_Servlet/library/apache-tomcat-9.0.90/webapps/host-manager]
26-Jul-2024 11:15:02.561 INFO [main] org.apache.catalina.startup.HostConfig.deployDirectory Deployment of web application directory [/Users/vannhat/Documents/Codevn_Jsp_Servlet/library/apache-tomcat-9.0.90/webapps/host-manager] has finished in [20] ms
26-Jul-2024 11:15:02.578 INFO [main] org.apache.coyote.AbstractProtocol.start Starting ProtocolHandler ["http-nio-8080"]
26-Jul-2024 11:15:02.599 INFO [main] org.apache.catalina.startup.Catalina.start Server startup in [4811] milliseconds
26-Jul-2024 11:15:02.838 INFO [http-nio-8080-exec-10] org.apache.catalina.core.StandardContext.reload Reloading Context with name [/vnpay_jsp] has started
26-Jul-2024 11:15:03.885 INFO [http-nio-8080-exec-10] org.apache.jasper.servlet.TldScanner.scanJars At least one JAR was scanned for TLDs yet contained no TLDs. Enable debug logging for this logger for a complete list of JARs that were scanned but no TLDs were found in them. Skipping unneeded JARs during scanning can improve startup time and JSP compilation time.
26-Jul-2024 11:15:03.894 INFO [http-nio-8080-exec-10] org.apache.catalina.core.StandardContext.reload Reloading Context with name [/vnpay_jsp] is completed
26-Jul-2024 11:15:06.656 INFO [http-nio-8080-exec-3] org.apache.tomcat.util.http.parser.Cookie.logInvalidHeader A cookie header was received [g_state={"i_l":0};] that contained an invalid cookie. That cookie will be ignored.
 Note: further occurrences of this error will be logged at DEBUG level.
26-Jul-2024 11:20:41.467 INFO [http-nio-8080-exec-11] org.apache.catalina.core.StandardContext.reload Reloading Context with name [/vnpay_jsp] has started
26-Jul-2024 11:20:41.484 WARNING [http-nio-8080-exec-11] org.apache.catalina.loader.WebappClassLoaderBase.clearReferencesJdbc The web application [vnpay_jsp] registered the JDBC driver [com.microsoft.sqlserver.jdbc.SQLServerDriver] but failed to unregister it when the web application was stopped. To prevent a memory leak, the JDBC Driver has been forcibly unregistered.
26-Jul-2024 11:20:43.094 INFO [http-nio-8080-exec-11] org.apache.jasper.servlet.TldScanner.scanJars At least one JAR was scanned for TLDs yet contained no TLDs. Enable debug logging for this logger for a complete list of JARs that were scanned but no TLDs were found in them. Skipping unneeded JARs during scanning can improve startup time and JSP compilation time.
26-Jul-2024 11:20:43.100 INFO [http-nio-8080-exec-11] org.apache.catalina.core.StandardContext.reload Reloading Context with name [/vnpay_jsp] is completed
26-Jul-2024 11:22:07.566 INFO [http-nio-8080-exec-17] org.apache.catalina.core.StandardContext.reload Reloading Context with name [/vnpay_jsp] has started
26-Jul-2024 11:22:08.524 INFO [http-nio-8080-exec-17] org.apache.jasper.servlet.TldScanner.scanJars At least one JAR was scanned for TLDs yet contained no TLDs. Enable debug logging for this logger for a complete list of JARs that were scanned but no TLDs were found in them. Skipping unneeded JARs during scanning can improve startup time and JSP compilation time.
26-Jul-2024 11:22:08.536 INFO [http-nio-8080-exec-17] org.apache.catalina.core.StandardContext.reload Reloading Context with name [/vnpay_jsp] is completed
26-Jul-2024 11:23:13.723 INFO [http-nio-8080-exec-24] org.apache.catalina.core.StandardContext.reload Reloading Context with name [/vnpay_jsp] has started
26-Jul-2024 11:23:14.625 INFO [http-nio-8080-exec-24] org.apache.jasper.servlet.TldScanner.scanJars At least one JAR was scanned for TLDs yet contained no TLDs. Enable debug logging for this logger for a complete list of JARs that were scanned but no TLDs were found in them. Skipping unneeded JARs during scanning can improve startup time and JSP compilation time.
26-Jul-2024 11:23:14.636 INFO [http-nio-8080-exec-24] org.apache.catalina.core.StandardContext.reload Reloading Context with name [/vnpay_jsp] is completed
26-Jul-2024 15:13:55.460 INFO [http-nio-8080-exec-32] org.apache.catalina.core.StandardContext.reload Reloading Context with name [/vnpay_jsp] has started
26-Jul-2024 15:13:55.470 WARNING [http-nio-8080-exec-32] org.apache.catalina.loader.WebappClassLoaderBase.clearReferencesJdbc The web application [vnpay_jsp] registered the JDBC driver [com.microsoft.sqlserver.jdbc.SQLServerDriver] but failed to unregister it when the web application was stopped. To prevent a memory leak, the JDBC Driver has been forcibly unregistered.
26-Jul-2024 15:13:55.471 WARNING [http-nio-8080-exec-32] org.apache.catalina.loader.WebappClassLoaderBase.clearReferencesThreads The web application [vnpay_jsp] appears to have started a thread named [Catalina-utility-1] but has failed to stop it. This is very likely to create a memory leak. Stack trace of thread:
 org.apache.catalina.core.StandardContext.backgroundProcess(StandardContext.java:4796)
 org.apache.catalina.core.ContainerBase$ContainerBackgroundProcessor.processChildren(ContainerBase.java:1172)
 org.apache.catalina.core.ContainerBase$ContainerBackgroundProcessor.processChildren(ContainerBase.java:1176)
 org.apache.catalina.core.ContainerBase$ContainerBackgroundProcessor.processChildren(ContainerBase.java:1176)
 org.apache.catalina.core.ContainerBase$ContainerBackgroundProcessor.run(ContainerBase.java:1154)
 java.base/java.util.concurrent.Executors$RunnableAdapter.call(Executors.java:572)
 java.base/java.util.concurrent.FutureTask.runAndReset(FutureTask.java:358)
 java.base/java.util.concurrent.ScheduledThreadPoolExecutor$ScheduledFutureTask.run(ScheduledThreadPoolExecutor.java:305)
 java.base/java.util.concurrent.ThreadPoolExecutor.runWorker(ThreadPoolExecutor.java:1144)
 java.base/java.util.concurrent.ThreadPoolExecutor$Worker.run(ThreadPoolExecutor.java:642)
 org.apache.tomcat.util.threads.TaskThread$WrappingRunnable.run(TaskThread.java:63)
 java.base/java.lang.Thread.run(Thread.java:1583)
26-Jul-2024 15:13:56.297 INFO [http-nio-8080-exec-32] org.apache.jasper.servlet.TldScanner.scanJars At least one JAR was scanned for TLDs yet contained no TLDs. Enable debug logging for this logger for a complete list of JARs that were scanned but no TLDs were found in them. Skipping unneeded JARs during scanning can improve startup time and JSP compilation time.
26-Jul-2024 15:13:56.302 INFO [http-nio-8080-exec-32] org.apache.catalina.core.StandardContext.reload Reloading Context with name [/vnpay_jsp] is completed
26-Jul-2024 15:13:59.092 INFO [http-nio-8080-exec-35] org.apache.catalina.core.StandardContext.reload Reloading Context with name [/vnpay_jsp] has started
26-Jul-2024 15:13:59.898 INFO [http-nio-8080-exec-35] org.apache.jasper.servlet.TldScanner.scanJars At least one JAR was scanned for TLDs yet contained no TLDs. Enable debug logging for this logger for a complete list of JARs that were scanned but no TLDs were found in them. Skipping unneeded JARs during scanning can improve startup time and JSP compilation time.
26-Jul-2024 15:13:59.913 INFO [http-nio-8080-exec-35] org.apache.catalina.core.StandardContext.reload Reloading Context with name [/vnpay_jsp] is completed
26-Jul-2024 15:14:11.078 INFO [http-nio-8080-exec-37] org.apache.catalina.core.StandardContext.reload Reloading Context with name [/vnpay_jsp] has started
26-Jul-2024 15:14:12.618 INFO [http-nio-8080-exec-37] org.apache.jasper.servlet.TldScanner.scanJars At least one JAR was scanned for TLDs yet contained no TLDs. Enable debug logging for this logger for a complete list of JARs that were scanned but no TLDs were found in them. Skipping unneeded JARs during scanning can improve startup time and JSP compilation time.
26-Jul-2024 15:14:12.623 INFO [http-nio-8080-exec-37] org.apache.catalina.core.StandardContext.reload Reloading Context with name [/vnpay_jsp] is completed
26-Jul-2024 15:14:12.959 INFO [http-nio-8080-exec-33] org.apache.catalina.core.StandardContext.reload Reloading Context with name [/vnpay_jsp] has started
26-Jul-2024 15:14:13.408 INFO [http-nio-8080-exec-33] org.apache.jasper.servlet.TldScanner.scanJars At least one JAR was scanned for TLDs yet contained no TLDs. Enable debug logging for this logger for a complete list of JARs that were scanned but no TLDs were found in them. Skipping unneeded JARs during scanning can improve startup time and JSP compilation time.
26-Jul-2024 15:14:13.412 INFO [http-nio-8080-exec-33] org.apache.catalina.core.StandardContext.reload Reloading Context with name [/vnpay_jsp] is completed
26-Jul-2024 15:14:18.792 INFO [http-nio-8080-exec-39] org.apache.catalina.core.StandardContext.reload Reloading Context with name [/vnpay_jsp] has started
26-Jul-2024 15:14:19.341 INFO [http-nio-8080-exec-39] org.apache.jasper.servlet.TldScanner.scanJars At least one JAR was scanned for TLDs yet contained no TLDs. Enable debug logging for this logger for a complete list of JARs that were scanned but no TLDs were found in them. Skipping unneeded JARs during scanning can improve startup time and JSP compilation time.
26-Jul-2024 15:14:19.345 INFO [http-nio-8080-exec-39] org.apache.catalina.core.StandardContext.reload Reloading Context with name [/vnpay_jsp] is completed
26-Jul-2024 15:15:10.776 INFO [http-nio-8080-exec-31] org.apache.catalina.core.StandardContext.reload Reloading Context with name [/vnpay_jsp] has started
26-Jul-2024 15:15:11.386 INFO [http-nio-8080-exec-31] org.apache.jasper.servlet.TldScanner.scanJars At least one JAR was scanned for TLDs yet contained no TLDs. Enable debug logging for this logger for a complete list of JARs that were scanned but no TLDs were found in them. Skipping unneeded JARs during scanning can improve startup time and JSP compilation time.
26-Jul-2024 15:15:11.391 INFO [http-nio-8080-exec-31] org.apache.catalina.core.StandardContext.reload Reloading Context with name [/vnpay_jsp] is completed
26-Jul-2024 15:15:11.724 INFO [http-nio-8080-exec-34] org.apache.catalina.core.StandardContext.reload Reloading Context with name [/vnpay_jsp] has started
26-Jul-2024 15:15:12.179 INFO [http-nio-8080-exec-34] org.apache.jasper.servlet.TldScanner.scanJars At least one JAR was scanned for TLDs yet contained no TLDs. Enable debug logging for this logger for a complete list of JARs that were scanned but no TLDs were found in them. Skipping unneeded JARs during scanning can improve startup time and JSP compilation time.
26-Jul-2024 15:15:12.183 INFO [http-nio-8080-exec-34] org.apache.catalina.core.StandardContext.reload Reloading Context with name [/vnpay_jsp] is completed
26-Jul-2024 15:17:14.854 INFO [http-nio-8080-exec-47] org.apache.catalina.core.StandardContext.reload Reloading Context with name [/vnpay_jsp] has started
26-Jul-2024 15:17:15.512 INFO [http-nio-8080-exec-47] org.apache.jasper.servlet.TldScanner.scanJars At least one JAR was scanned for TLDs yet contained no TLDs. Enable debug logging for this logger for a complete list of JARs that were scanned but no TLDs were found in them. Skipping unneeded JARs during scanning can improve startup time and JSP compilation time.
26-Jul-2024 15:17:15.524 INFO [http-nio-8080-exec-47] org.apache.catalina.core.StandardContext.reload Reloading Context with name [/vnpay_jsp] is completed
26-Jul-2024 15:29:13.234 INFO [http-nio-8080-exec-50] org.apache.catalina.core.StandardContext.reload Reloading Context with name [/vnpay_jsp] has started
26-Jul-2024 15:29:13.912 INFO [http-nio-8080-exec-50] org.apache.jasper.servlet.TldScanner.scanJars At least one JAR was scanned for TLDs yet contained no TLDs. Enable debug logging for this logger for a complete list of JARs that were scanned but no TLDs were found in them. Skipping unneeded JARs during scanning can improve startup time and JSP compilation time.
26-Jul-2024 15:29:13.921 INFO [http-nio-8080-exec-50] org.apache.catalina.core.StandardContext.reload Reloading Context with name [/vnpay_jsp] is completed
26-Jul-2024 15:32:28.697 INFO [http-nio-8080-exec-60] org.apache.catalina.core.StandardContext.reload Reloading Context with name [/vnpay_jsp] has started
26-Jul-2024 15:32:29.609 INFO [http-nio-8080-exec-60] org.apache.jasper.servlet.TldScanner.scanJars At least one JAR was scanned for TLDs yet contained no TLDs. Enable debug logging for this logger for a complete list of JARs that were scanned but no TLDs were found in them. Skipping unneeded JARs during scanning can improve startup time and JSP compilation time.
26-Jul-2024 15:32:29.616 INFO [http-nio-8080-exec-60] org.apache.catalina.core.StandardContext.reload Reloading Context with name [/vnpay_jsp] is completed
26-Jul-2024 15:32:29.955 INFO [http-nio-8080-exec-57] org.apache.catalina.core.StandardContext.reload Reloading Context with name [/vnpay_jsp] has started
26-Jul-2024 15:32:30.559 INFO [http-nio-8080-exec-57] org.apache.jasper.servlet.TldScanner.scanJars At least one JAR was scanned for TLDs yet contained no TLDs. Enable debug logging for this logger for a complete list of JARs that were scanned but no TLDs were found in them. Skipping unneeded JARs during scanning can improve startup time and JSP compilation time.
26-Jul-2024 15:32:30.563 INFO [http-nio-8080-exec-57] org.apache.catalina.core.StandardContext.reload Reloading Context with name [/vnpay_jsp] is completed
26-Jul-2024 15:32:42.279 INFO [http-nio-8080-exec-59] org.apache.catalina.core.StandardContext.reload Reloading Context with name [/vnpay_jsp] has started
26-Jul-2024 15:32:43.792 INFO [http-nio-8080-exec-59] org.apache.jasper.servlet.TldScanner.scanJars At least one JAR was scanned for TLDs yet contained no TLDs. Enable debug logging for this logger for a complete list of JARs that were scanned but no TLDs were found in them. Skipping unneeded JARs during scanning can improve startup time and JSP compilation time.
26-Jul-2024 15:32:43.800 INFO [http-nio-8080-exec-59] org.apache.catalina.core.StandardContext.reload Reloading Context with name [/vnpay_jsp] is completed
26-Jul-2024 15:32:44.971 INFO [http-nio-8080-exec-55] org.apache.catalina.core.StandardContext.reload Reloading Context with name [/vnpay_jsp] has started
26-Jul-2024 15:32:45.794 INFO [http-nio-8080-exec-55] org.apache.jasper.servlet.TldScanner.scanJars At least one JAR was scanned for TLDs yet contained no TLDs. Enable debug logging for this logger for a complete list of JARs that were scanned but no TLDs were found in them. Skipping unneeded JARs during scanning can improve startup time and JSP compilation time.
26-Jul-2024 15:32:45.798 INFO [http-nio-8080-exec-55] org.apache.catalina.core.StandardContext.reload Reloading Context with name [/vnpay_jsp] is completed
26-Jul-2024 15:32:49.304 INFO [http-nio-8080-exec-61] org.apache.catalina.core.StandardContext.reload Reloading Context with name [/vnpay_jsp] has started
26-Jul-2024 15:32:50.269 INFO [http-nio-8080-exec-61] org.apache.jasper.servlet.TldScanner.scanJars At least one JAR was scanned for TLDs yet contained no TLDs. Enable debug logging for this logger for a complete list of JARs that were scanned but no TLDs were found in them. Skipping unneeded JARs during scanning can improve startup time and JSP compilation time.
26-Jul-2024 15:32:50.276 INFO [http-nio-8080-exec-61] org.apache.catalina.core.StandardContext.reload Reloading Context with name [/vnpay_jsp] is completed
26-Jul-2024 15:32:50.608 INFO [http-nio-8080-exec-48] org.apache.catalina.core.StandardContext.reload Reloading Context with name [/vnpay_jsp] has started
26-Jul-2024 15:32:51.086 INFO [http-nio-8080-exec-48] org.apache.jasper.servlet.TldScanner.scanJars At least one JAR was scanned for TLDs yet contained no TLDs. Enable debug logging for this logger for a complete list of JARs that were scanned but no TLDs were found in them. Skipping unneeded JARs during scanning can improve startup time and JSP compilation time.
26-Jul-2024 15:32:51.090 INFO [http-nio-8080-exec-48] org.apache.catalina.core.StandardContext.reload Reloading Context with name [/vnpay_jsp] is completed
26-Jul-2024 15:45:58.511 INFO [http-nio-8080-exec-70] org.apache.catalina.core.StandardContext.reload Reloading Context with name [/vnpay_jsp] has started
26-Jul-2024 15:45:59.478 INFO [http-nio-8080-exec-70] org.apache.jasper.servlet.TldScanner.scanJars At least one JAR was scanned for TLDs yet contained no TLDs. Enable debug logging for this logger for a complete list of JARs that were scanned but no TLDs were found in them. Skipping unneeded JARs during scanning can improve startup time and JSP compilation time.
26-Jul-2024 15:45:59.488 INFO [http-nio-8080-exec-70] org.apache.catalina.core.StandardContext.reload Reloading Context with name [/vnpay_jsp] is completed
26-Jul-2024 15:46:19.029 INFO [http-nio-8080-exec-72] org.apache.catalina.core.StandardContext.reload Reloading Context with name [/vnpay_jsp] has started
26-Jul-2024 15:46:19.613 INFO [http-nio-8080-exec-72] org.apache.jasper.servlet.TldScanner.scanJars At least one JAR was scanned for TLDs yet contained no TLDs. Enable debug logging for this logger for a complete list of JARs that were scanned but no TLDs were found in them. Skipping unneeded JARs during scanning can improve startup time and JSP compilation time.
26-Jul-2024 15:46:19.619 INFO [http-nio-8080-exec-72] org.apache.catalina.core.StandardContext.reload Reloading Context with name [/vnpay_jsp] is completed
26-Jul-2024 15:47:40.977 INFO [http-nio-8080-exec-77] org.apache.catalina.core.StandardContext.reload Reloading Context with name [/vnpay_jsp] has started
26-Jul-2024 15:47:41.548 INFO [http-nio-8080-exec-77] org.apache.jasper.servlet.TldScanner.scanJars At least one JAR was scanned for TLDs yet contained no TLDs. Enable debug logging for this logger for a complete list of JARs that were scanned but no TLDs were found in them. Skipping unneeded JARs during scanning can improve startup time and JSP compilation time.
26-Jul-2024 15:47:41.552 INFO [http-nio-8080-exec-77] org.apache.catalina.core.StandardContext.reload Reloading Context with name [/vnpay_jsp] is completed
26-Jul-2024 15:47:41.883 INFO [http-nio-8080-exec-79] org.apache.catalina.core.StandardContext.reload Reloading Context with name [/vnpay_jsp] has started
26-Jul-2024 15:47:42.350 INFO [http-nio-8080-exec-79] org.apache.jasper.servlet.TldScanner.scanJars At least one JAR was scanned for TLDs yet contained no TLDs. Enable debug logging for this logger for a complete list of JARs that were scanned but no TLDs were found in them. Skipping unneeded JARs during scanning can improve startup time and JSP compilation time.
26-Jul-2024 15:47:42.354 INFO [http-nio-8080-exec-79] org.apache.catalina.core.StandardContext.reload Reloading Context with name [/vnpay_jsp] is completed
26-Jul-2024 15:48:29.189 INFO [http-nio-8080-exec-84] org.apache.catalina.core.StandardContext.reload Reloading Context with name [/vnpay_jsp] has started
26-Jul-2024 15:48:29.746 INFO [http-nio-8080-exec-84] org.apache.jasper.servlet.TldScanner.scanJars At least one JAR was scanned for TLDs yet contained no TLDs. Enable debug logging for this logger for a complete list of JARs that were scanned but no TLDs were found in them. Skipping unneeded JARs during scanning can improve startup time and JSP compilation time.
26-Jul-2024 15:48:29.752 INFO [http-nio-8080-exec-84] org.apache.catalina.core.StandardContext.reload Reloading Context with name [/vnpay_jsp] is completed
26-Jul-2024 15:48:30.078 INFO [http-nio-8080-exec-81] org.apache.catalina.core.StandardContext.reload Reloading Context with name [/vnpay_jsp] has started
26-Jul-2024 15:48:30.552 INFO [http-nio-8080-exec-81] org.apache.jasper.servlet.TldScanner.scanJars At least one JAR was scanned for TLDs yet contained no TLDs. Enable debug logging for this logger for a complete list of JARs that were scanned but no TLDs were found in them. Skipping unneeded JARs during scanning can improve startup time and JSP compilation time.
26-Jul-2024 15:48:30.556 INFO [http-nio-8080-exec-81] org.apache.catalina.core.StandardContext.reload Reloading Context with name [/vnpay_jsp] is completed
26-Jul-2024 15:50:39.771 INFO [http-nio-8080-exec-88] org.apache.catalina.core.StandardContext.reload Reloading Context with name [/vnpay_jsp] has started
26-Jul-2024 15:50:40.297 INFO [http-nio-8080-exec-88] org.apache.jasper.servlet.TldScanner.scanJars At least one JAR was scanned for TLDs yet contained no TLDs. Enable debug logging for this logger for a complete list of JARs that were scanned but no TLDs were found in them. Skipping unneeded JARs during scanning can improve startup time and JSP compilation time.
26-Jul-2024 15:50:40.301 INFO [http-nio-8080-exec-88] org.apache.catalina.core.StandardContext.reload Reloading Context with name [/vnpay_jsp] is completed
26-Jul-2024 15:50:40.627 INFO [http-nio-8080-exec-86] org.apache.catalina.core.StandardContext.reload Reloading Context with name [/vnpay_jsp] has started
26-Jul-2024 15:50:41.090 INFO [http-nio-8080-exec-86] org.apache.jasper.servlet.TldScanner.scanJars At least one JAR was scanned for TLDs yet contained no TLDs. Enable debug logging for this logger for a complete list of JARs that were scanned but no TLDs were found in them. Skipping unneeded JARs during scanning can improve startup time and JSP compilation time.
26-Jul-2024 15:50:41.093 INFO [http-nio-8080-exec-86] org.apache.catalina.core.StandardContext.reload Reloading Context with name [/vnpay_jsp] is completed
26-Jul-2024 15:52:01.108 INFO [http-nio-8080-exec-91] org.apache.catalina.core.StandardContext.reload Reloading Context with name [/vnpay_jsp] has started
26-Jul-2024 15:52:01.938 INFO [http-nio-8080-exec-91] org.apache.jasper.servlet.TldScanner.scanJars At least one JAR was scanned for TLDs yet contained no TLDs. Enable debug logging for this logger for a complete list of JARs that were scanned but no TLDs were found in them. Skipping unneeded JARs during scanning can improve startup time and JSP compilation time.
26-Jul-2024 15:52:01.944 INFO [http-nio-8080-exec-91] org.apache.catalina.core.StandardContext.reload Reloading Context with name [/vnpay_jsp] is completed
26-Jul-2024 15:52:46.377 INFO [http-nio-8080-exec-87] org.apache.catalina.core.StandardContext.reload Reloading Context with name [/vnpay_jsp] has started
26-Jul-2024 15:52:46.890 INFO [http-nio-8080-exec-87] org.apache.jasper.servlet.TldScanner.scanJars At least one JAR was scanned for TLDs yet contained no TLDs. Enable debug logging for this logger for a complete list of JARs that were scanned but no TLDs were found in them. Skipping unneeded JARs during scanning can improve startup time and JSP compilation time.
26-Jul-2024 15:52:46.896 INFO [http-nio-8080-exec-87] org.apache.catalina.core.StandardContext.reload Reloading Context with name [/vnpay_jsp] is completed
26-Jul-2024 23:10:29.398 INFO [http-nio-8080-exec-95] org.apache.catalina.core.StandardContext.reload Reloading Context with name [/vnpay_jsp] has started
26-Jul-2024 23:10:29.432 WARNING [http-nio-8080-exec-95] org.apache.catalina.loader.WebappClassLoaderBase.clearReferencesThreads The web application [vnpay_jsp] appears to have started a thread named [Catalina-utility-1] but has failed to stop it. This is very likely to create a memory leak. Stack trace of thread:
 org.apache.catalina.core.StandardContext.backgroundProcess(StandardContext.java:4796)
 org.apache.catalina.core.ContainerBase$ContainerBackgroundProcessor.processChildren(ContainerBase.java:1172)
 org.apache.catalina.core.ContainerBase$ContainerBackgroundProcessor.processChildren(ContainerBase.java:1176)
 org.apache.catalina.core.ContainerBase$ContainerBackgroundProcessor.processChildren(ContainerBase.java:1176)
 org.apache.catalina.core.ContainerBase$ContainerBackgroundProcessor.run(ContainerBase.java:1154)
 java.base/java.util.concurrent.Executors$RunnableAdapter.call(Executors.java:572)
 java.base/java.util.concurrent.FutureTask.runAndReset(FutureTask.java:358)
 java.base/java.util.concurrent.ScheduledThreadPoolExecutor$ScheduledFutureTask.run(ScheduledThreadPoolExecutor.java:305)
 java.base/java.util.concurrent.ThreadPoolExecutor.runWorker(ThreadPoolExecutor.java:1144)
 java.base/java.util.concurrent.ThreadPoolExecutor$Worker.run(ThreadPoolExecutor.java:642)
 org.apache.tomcat.util.threads.TaskThread$WrappingRunnable.run(TaskThread.java:63)
 java.base/java.lang.Thread.run(Thread.java:1583)
26-Jul-2024 23:10:30.817 INFO [http-nio-8080-exec-95] org.apache.jasper.servlet.TldScanner.scanJars At least one JAR was scanned for TLDs yet contained no TLDs. Enable debug logging for this logger for a complete list of JARs that were scanned but no TLDs were found in them. Skipping unneeded JARs during scanning can improve startup time and JSP compilation time.
26-Jul-2024 23:10:30.823 INFO [http-nio-8080-exec-95] org.apache.catalina.core.StandardContext.reload Reloading Context with name [/vnpay_jsp] is completed
26-Jul-2024 23:11:14.685 INFO [http-nio-8080-exec-101] org.apache.catalina.core.StandardContext.reload Reloading Context with name [/vnpay_jsp] has started
26-Jul-2024 23:11:15.291 INFO [http-nio-8080-exec-101] org.apache.jasper.servlet.TldScanner.scanJars At least one JAR was scanned for TLDs yet contained no TLDs. Enable debug logging for this logger for a complete list of JARs that were scanned but no TLDs were found in them. Skipping unneeded JARs during scanning can improve startup time and JSP compilation time.
26-Jul-2024 23:11:15.298 INFO [http-nio-8080-exec-101] org.apache.catalina.core.StandardContext.reload Reloading Context with name [/vnpay_jsp] is completed
26-Jul-2024 23:11:20.234 INFO [http-nio-8080-exec-103] org.apache.catalina.core.StandardContext.reload Reloading Context with name [/vnpay_jsp] has started
26-Jul-2024 23:11:20.686 INFO [http-nio-8080-exec-103] org.apache.jasper.servlet.TldScanner.scanJars At least one JAR was scanned for TLDs yet contained no TLDs. Enable debug logging for this logger for a complete list of JARs that were scanned but no TLDs were found in them. Skipping unneeded JARs during scanning can improve startup time and JSP compilation time.
26-Jul-2024 23:11:20.689 INFO [http-nio-8080-exec-103] org.apache.catalina.core.StandardContext.reload Reloading Context with name [/vnpay_jsp] is completed
26-Jul-2024 23:19:32.162 INFO [http-nio-8080-exec-113] org.apache.catalina.core.StandardContext.reload Reloading Context with name [/vnpay_jsp] has started
26-Jul-2024 23:19:32.168 WARNING [http-nio-8080-exec-113] org.apache.catalina.loader.WebappClassLoaderBase.clearReferencesJdbc The web application [vnpay_jsp] registered the JDBC driver [com.microsoft.sqlserver.jdbc.SQLServerDriver] but failed to unregister it when the web application was stopped. To prevent a memory leak, the JDBC Driver has been forcibly unregistered.
26-Jul-2024 23:19:33.491 INFO [http-nio-8080-exec-113] org.apache.jasper.servlet.TldScanner.scanJars At least one JAR was scanned for TLDs yet contained no TLDs. Enable debug logging for this logger for a complete list of JARs that were scanned but no TLDs were found in them. Skipping unneeded JARs during scanning can improve startup time and JSP compilation time.
26-Jul-2024 23:19:33.582 INFO [http-nio-8080-exec-113] org.apache.catalina.core.StandardContext.reload Reloading Context with name [/vnpay_jsp] is completed
