27-Jun-2024 15:04:21.310 INFO [main] org.apache.catalina.core.ApplicationContext.log ContextListener: contextInitialized()
27-Jun-2024 15:04:21.310 INFO [main] org.apache.catalina.core.ApplicationContext.log SessionListener: contextInitialized()
27-Jun-2024 15:04:21.310 INFO [main] org.apache.catalina.core.ApplicationContext.log ContextListener: attributeAdded('StockTicker', 'async.Stockticker@4fe875be')
27-Jun-2024 15:31:51.970 INFO [main] org.apache.catalina.core.ApplicationContext.log SessionListener: contextDestroyed()
27-Jun-2024 15:31:51.970 INFO [main] org.apache.catalina.core.ApplicationContext.log ContextListener: contextDestroyed()
27-Jun-2024 18:34:56.381 INFO [main] org.apache.catalina.core.ApplicationContext.log ContextListener: contextInitialized()
27-Jun-2024 18:34:56.381 INFO [main] org.apache.catalina.core.ApplicationContext.log SessionListener: contextInitialized()
27-Jun-2024 18:34:56.382 INFO [main] org.apache.catalina.core.ApplicationContext.log ContextListener: attributeAdded('StockTicker', 'async.Stockticker@41522537')
27-Jun-2024 19:17:39.471 SEVERE [http-nio-8080-exec-62] org.apache.catalina.core.StandardWrapperValve.invoke Servlet.service() for servlet [searchServlet] in context with path [/demo_servlet] threw exception
	java.lang.NullPointerException: Cannot invoke "java.lang.CharSequence.toString()" because "s" is null
		at java.base/java.lang.String.contains(String.java:2981)
		at Servlet.SearchServlet.doGet(SearchServlet.java:33)
		at javax.servlet.http.HttpServlet.service(HttpServlet.java:529)
		at javax.servlet.http.HttpServlet.service(HttpServlet.java:623)
		at org.apache.catalina.core.ApplicationFilterChain.internalDoFilter(ApplicationFilterChain.java:199)
		at org.apache.catalina.core.ApplicationFilterChain.doFilter(ApplicationFilterChain.java:144)
		at org.apache.tomcat.websocket.server.WsFilter.doFilter(WsFilter.java:51)
		at org.apache.catalina.core.ApplicationFilterChain.internalDoFilter(ApplicationFilterChain.java:168)
		at org.apache.catalina.core.ApplicationFilterChain.doFilter(ApplicationFilterChain.java:144)
		at org.apache.catalina.core.StandardWrapperValve.invoke(StandardWrapperValve.java:168)
		at org.apache.catalina.core.StandardContextValve.invoke(StandardContextValve.java:90)
		at org.apache.catalina.authenticator.AuthenticatorBase.invoke(AuthenticatorBase.java:481)
		at org.apache.catalina.core.StandardHostValve.invoke(StandardHostValve.java:130)
		at org.apache.catalina.valves.ErrorReportValve.invoke(ErrorReportValve.java:93)
		at org.apache.catalina.valves.AbstractAccessLogValve.invoke(AbstractAccessLogValve.java:660)
		at org.apache.catalina.core.StandardEngineValve.invoke(StandardEngineValve.java:74)
		at org.apache.catalina.connector.CoyoteAdapter.service(CoyoteAdapter.java:346)
		at org.apache.coyote.http11.Http11Processor.service(Http11Processor.java:388)
		at org.apache.coyote.AbstractProcessorLight.process(AbstractProcessorLight.java:63)
		at org.apache.coyote.AbstractProtocol$ConnectionHandler.process(AbstractProtocol.java:936)
		at org.apache.tomcat.util.net.NioEndpoint$SocketProcessor.doRun(NioEndpoint.java:1791)
		at org.apache.tomcat.util.net.SocketProcessorBase.run(SocketProcessorBase.java:52)
		at org.apache.tomcat.util.threads.ThreadPoolExecutor.runWorker(ThreadPoolExecutor.java:1190)
		at org.apache.tomcat.util.threads.ThreadPoolExecutor$Worker.run(ThreadPoolExecutor.java:659)
		at org.apache.tomcat.util.threads.TaskThread$WrappingRunnable.run(TaskThread.java:63)
		at java.base/java.lang.Thread.run(Thread.java:1583)
27-Jun-2024 19:19:15.584 INFO [main] org.apache.catalina.core.ApplicationContext.log SessionListener: contextDestroyed()
27-Jun-2024 19:19:15.584 INFO [main] org.apache.catalina.core.ApplicationContext.log ContextListener: contextDestroyed()
27-Jun-2024 19:22:25.319 INFO [main] org.apache.catalina.core.ApplicationContext.log HelloFilter:Initializing filter
27-Jun-2024 19:22:25.556 INFO [main] org.apache.catalina.core.ApplicationContext.log ContextListener: contextInitialized()
27-Jun-2024 19:22:25.556 INFO [main] org.apache.catalina.core.ApplicationContext.log SessionListener: contextInitialized()
27-Jun-2024 19:22:25.557 INFO [main] org.apache.catalina.core.ApplicationContext.log ContextListener: attributeAdded('StockTicker', 'async.Stockticker@4c2fb9dd')
27-Jun-2024 19:22:25.872 INFO [http-nio-8080-exec-7] org.apache.catalina.core.ApplicationContext.log HelloFilter:Initializing filter
27-Jun-2024 19:23:49.848 INFO [http-nio-8080-exec-9] org.apache.catalina.core.ApplicationContext.log HelloFilter:Initializing filter
27-Jun-2024 19:24:13.009 INFO [http-nio-8080-exec-9] org.apache.catalina.core.ApplicationContext.log HelloFilter:Initializing filter
27-Jun-2024 19:28:45.684 INFO [http-nio-8080-exec-25] org.apache.catalina.core.ApplicationContext.log HelloFilter:Initializing filter
27-Jun-2024 19:31:14.545 INFO [http-nio-8080-exec-33] org.apache.catalina.core.ApplicationContext.log HelloFilter:Initializing filter
27-Jun-2024 19:37:02.285 INFO [http-nio-8080-exec-37] org.apache.catalina.core.ApplicationContext.log HelloFilter:Initializing filter
27-Jun-2024 19:39:01.651 INFO [http-nio-8080-exec-41] org.apache.catalina.core.ApplicationContext.log HelloFilter:Initializing filter
27-Jun-2024 19:39:34.258 INFO [http-nio-8080-exec-39] org.apache.catalina.core.ApplicationContext.log HelloFilter:Initializing filter
27-Jun-2024 19:39:36.449 SEVERE [http-nio-8080-exec-45] org.apache.catalina.core.StandardWrapperValve.invoke Servlet.service() for servlet [ContactServlet] in context with path [/demo_khanh] threw exception
	java.lang.NullPointerException: Cannot invoke "Model.Contact.getId()" because "contact" is null
		at filter.HelloFilter.doFilter(HelloFilter.java:113)
		at org.apache.catalina.core.ApplicationFilterChain.internalDoFilter(ApplicationFilterChain.java:168)
		at org.apache.catalina.core.ApplicationFilterChain.doFilter(ApplicationFilterChain.java:144)
		at org.apache.catalina.core.StandardWrapperValve.invoke(StandardWrapperValve.java:168)
		at org.apache.catalina.core.StandardContextValve.invoke(StandardContextValve.java:90)
		at org.apache.catalina.authenticator.AuthenticatorBase.invoke(AuthenticatorBase.java:481)
		at org.apache.catalina.core.StandardHostValve.invoke(StandardHostValve.java:130)
		at org.apache.catalina.valves.ErrorReportValve.invoke(ErrorReportValve.java:93)
		at org.apache.catalina.valves.AbstractAccessLogValve.invoke(AbstractAccessLogValve.java:660)
		at org.apache.catalina.core.StandardEngineValve.invoke(StandardEngineValve.java:74)
		at org.apache.catalina.connector.CoyoteAdapter.service(CoyoteAdapter.java:346)
		at org.apache.coyote.http11.Http11Processor.service(Http11Processor.java:388)
		at org.apache.coyote.AbstractProcessorLight.process(AbstractProcessorLight.java:63)
		at org.apache.coyote.AbstractProtocol$ConnectionHandler.process(AbstractProtocol.java:936)
		at org.apache.tomcat.util.net.NioEndpoint$SocketProcessor.doRun(NioEndpoint.java:1791)
		at org.apache.tomcat.util.net.SocketProcessorBase.run(SocketProcessorBase.java:52)
		at org.apache.tomcat.util.threads.ThreadPoolExecutor.runWorker(ThreadPoolExecutor.java:1190)
		at org.apache.tomcat.util.threads.ThreadPoolExecutor$Worker.run(ThreadPoolExecutor.java:659)
		at org.apache.tomcat.util.threads.TaskThread$WrappingRunnable.run(TaskThread.java:63)
		at java.base/java.lang.Thread.run(Thread.java:1583)
27-Jun-2024 19:40:11.054 INFO [http-nio-8080-exec-39] org.apache.catalina.core.ApplicationContext.log HelloFilter:Initializing filter
27-Jun-2024 19:42:37.535 SEVERE [http-nio-8080-exec-59] org.apache.catalina.core.StandardWrapperValve.invoke Servlet.service() for servlet [ContactServlet] in context with path [/demo_khanh] threw exception
	java.lang.IllegalStateException: Cannot call sendRedirect() after the response has been committed
		at org.apache.catalina.connector.ResponseFacade.checkCommitted(ResponseFacade.java:511)
		at org.apache.catalina.connector.ResponseFacade.sendRedirect(ResponseFacade.java:360)
		at filter.HelloFilter.doFilter(HelloFilter.java:120)
		at org.apache.catalina.core.ApplicationFilterChain.internalDoFilter(ApplicationFilterChain.java:168)
		at org.apache.catalina.core.ApplicationFilterChain.doFilter(ApplicationFilterChain.java:144)
		at org.apache.catalina.core.StandardWrapperValve.invoke(StandardWrapperValve.java:168)
		at org.apache.catalina.core.StandardContextValve.invoke(StandardContextValve.java:90)
		at org.apache.catalina.authenticator.AuthenticatorBase.invoke(AuthenticatorBase.java:481)
		at org.apache.catalina.core.StandardHostValve.invoke(StandardHostValve.java:130)
		at org.apache.catalina.valves.ErrorReportValve.invoke(ErrorReportValve.java:93)
		at org.apache.catalina.valves.AbstractAccessLogValve.invoke(AbstractAccessLogValve.java:660)
		at org.apache.catalina.core.StandardEngineValve.invoke(StandardEngineValve.java:74)
		at org.apache.catalina.connector.CoyoteAdapter.service(CoyoteAdapter.java:346)
		at org.apache.coyote.http11.Http11Processor.service(Http11Processor.java:388)
		at org.apache.coyote.AbstractProcessorLight.process(AbstractProcessorLight.java:63)
		at org.apache.coyote.AbstractProtocol$ConnectionHandler.process(AbstractProtocol.java:936)
		at org.apache.tomcat.util.net.NioEndpoint$SocketProcessor.doRun(NioEndpoint.java:1791)
		at org.apache.tomcat.util.net.SocketProcessorBase.run(SocketProcessorBase.java:52)
		at org.apache.tomcat.util.threads.ThreadPoolExecutor.runWorker(ThreadPoolExecutor.java:1190)
		at org.apache.tomcat.util.threads.ThreadPoolExecutor$Worker.run(ThreadPoolExecutor.java:659)
		at org.apache.tomcat.util.threads.TaskThread$WrappingRunnable.run(TaskThread.java:63)
		at java.base/java.lang.Thread.run(Thread.java:1583)
27-Jun-2024 19:42:46.357 INFO [http-nio-8080-exec-59] org.apache.catalina.core.ApplicationContext.log HelloFilter:Initializing filter
27-Jun-2024 19:46:53.011 INFO [main] org.apache.catalina.core.ApplicationContext.log SessionListener: contextDestroyed()
27-Jun-2024 19:46:53.011 INFO [main] org.apache.catalina.core.ApplicationContext.log ContextListener: contextDestroyed()
